<testsuites>
  <testsuite name="ParkingLotSystem.Tests.dll" tests="42" skipped="0" failures="41" errors="0" time="0.0481527" timestamp="2025-08-27T16:55:57" hostname="CPC-adamh-3VRI9" id="0" package="ParkingLotSystem.Tests.dll">
    <properties />
    <testcase classname="ParkingLotSystem.Tests.VehicleTests" name="Truck_GetCompatibleSpaceSizes_ShouldReturnOnlyLarge" time="0.0072016">
      <failure type="failure" message="System.NotImplementedException : The method or operation is not implemented.">at ParkingLotSystem.Core.Models.Vehicle..ctor(String licensePlate, VehicleType type) in C:\repos\ParkingLotSystem\src\ParkingLotSystem.Core\Models\Vehicle.cs:line 14
   at ParkingLotSystem.Core.Models.Truck..ctor(String licensePlate) in C:\repos\ParkingLotSystem\src\ParkingLotSystem.Core\Models\Vehicle.cs:line 51
   at ParkingLotSystem.Tests.VehicleTests.Truck_GetCompatibleSpaceSizes_ShouldReturnOnlyLarge() in C:\repos\ParkingLotSystem\tests\ParkingLotSystem.Tests\VehicleTests.cs:line 45
   at System.RuntimeMethodHandle.InvokeMethod(Object target, Void** arguments, Signature sig, Boolean isConstructor)
   at System.Reflection.MethodBaseInvoker.InvokeWithNoArgs(Object obj, BindingFlags invokeAttr)</failure>
    </testcase>
    <testcase classname="ParkingLotSystem.Tests.FeeCalculationTests" name="ParkingTicket_CalculateFee_ZeroDuration_ShouldChargeMinimum" time="0.0073483">
      <failure type="failure" message="System.NotImplementedException : The method or operation is not implemented.">at ParkingLotSystem.Core.Models.ParkingTicket..ctor(String ticketId, String licensePlate, String spaceId, DateTime entryTime) in C:\repos\ParkingLotSystem\src\ParkingLotSystem.Core\Models\ParkingTicket.cs:line 14
   at ParkingLotSystem.Tests.FeeCalculationTests.ParkingTicket_CalculateFee_ZeroDuration_ShouldChargeMinimum() in C:\repos\ParkingLotSystem\tests\ParkingLotSystem.Tests\FeeCalculationTests.cs:line 116
   at System.RuntimeMethodHandle.InvokeMethod(Object target, Void** arguments, Signature sig, Boolean isConstructor)
   at System.Reflection.MethodBaseInvoker.InvokeWithNoArgs(Object obj, BindingFlags invokeAttr)</failure>
    </testcase>
    <testcase classname="ParkingLotSystem.Tests.ParkingSpaceTests" name="RemoveVehicle_FromEmptySpace_ShouldThrowException" time="0.0092076">
      <failure type="failure" message="Assert.Throws() Failure: Exception type was not an exact match&#xD;&#xA;Expected: typeof(ParkingLotSystem.Core.Exceptions.ParkingException)&#xD;&#xA;Actual:   typeof(System.NotImplementedException)&#xD;&#xA;---- System.NotImplementedException : The method or operation is not implemented.">at ParkingLotSystem.Tests.ParkingSpaceTests.RemoveVehicle_FromEmptySpace_ShouldThrowException() in C:\repos\ParkingLotSystem\tests\ParkingLotSystem.Tests\ParkingSpaceTests.cs:line 79
   at System.RuntimeMethodHandle.InvokeMethod(Object target, Void** arguments, Signature sig, Boolean isConstructor)
   at System.Reflection.MethodBaseInvoker.InvokeWithNoArgs(Object obj, BindingFlags invokeAttr)
----- Inner Stack Trace -----
   at ParkingLotSystem.Core.Models.ParkingSpace.RemoveVehicle() in C:\repos\ParkingLotSystem\src\ParkingLotSystem.Core\Models\ParkingSpace.cs:line 33
   at ParkingLotSystem.Tests.ParkingSpaceTests.&lt;&gt;c__DisplayClass4_0.&lt;RemoveVehicle_FromEmptySpace_ShouldThrowException&gt;b__0() in C:\repos\ParkingLotSystem\tests\ParkingLotSystem.Tests\ParkingSpaceTests.cs:line 79</failure>
    </testcase>
    <testcase classname="ParkingLotSystem.Tests.ParkingLotServiceTests" name="GetAvailableSpaces_AfterParking_ShouldUpdateCounts" time="0.0083396">
      <failure type="failure" message="System.NotImplementedException : The method or operation is not implemented.">at ParkingLotSystem.Core.Services.ParkingLotService.InitializeParkingSpaces(Int32 smallSpaces, Int32 mediumSpaces, Int32 largeSpaces) in C:\repos\ParkingLotSystem\src\ParkingLotSystem.Core\Services\ParkingLotService.cs:line 38
   at ParkingLotSystem.Core.Services.ParkingLotService..ctor(Int32 smallSpaces, Int32 mediumSpaces, Int32 largeSpaces) in C:\repos\ParkingLotSystem\src\ParkingLotSystem.Core\Services\ParkingLotService.cs:line 29
   at ParkingLotSystem.Tests.ParkingLotServiceTests.CreateParkingLot(Int32 small, Int32 medium, Int32 large) in C:\repos\ParkingLotSystem\tests\ParkingLotSystem.Tests\ParkingLotServiceTests.cs:line 13
   at ParkingLotSystem.Tests.ParkingLotServiceTests.GetAvailableSpaces_AfterParking_ShouldUpdateCounts() in C:\repos\ParkingLotSystem\tests\ParkingLotSystem.Tests\ParkingLotServiceTests.cs:line 126
   at System.RuntimeMethodHandle.InvokeMethod(Object target, Void** arguments, Signature sig, Boolean isConstructor)
   at System.Reflection.MethodBaseInvoker.InvokeWithNoArgs(Object obj, BindingFlags invokeAttr)</failure>
    </testcase>
    <testcase classname="ParkingLotSystem.Tests.ParkingLotServiceTests" name="GetTotalCapacity_ShouldReturnCorrectTotal" time="0.0002850">
      <failure type="failure" message="System.NotImplementedException : The method or operation is not implemented.">at ParkingLotSystem.Core.Services.ParkingLotService.InitializeParkingSpaces(Int32 smallSpaces, Int32 mediumSpaces, Int32 largeSpaces) in C:\repos\ParkingLotSystem\src\ParkingLotSystem.Core\Services\ParkingLotService.cs:line 38
   at ParkingLotSystem.Core.Services.ParkingLotService..ctor(Int32 smallSpaces, Int32 mediumSpaces, Int32 largeSpaces) in C:\repos\ParkingLotSystem\src\ParkingLotSystem.Core\Services\ParkingLotService.cs:line 29
   at ParkingLotSystem.Tests.ParkingLotServiceTests.CreateParkingLot(Int32 small, Int32 medium, Int32 large) in C:\repos\ParkingLotSystem\tests\ParkingLotSystem.Tests\ParkingLotServiceTests.cs:line 13
   at ParkingLotSystem.Tests.ParkingLotServiceTests.GetTotalCapacity_ShouldReturnCorrectTotal() in C:\repos\ParkingLotSystem\tests\ParkingLotSystem.Tests\ParkingLotServiceTests.cs:line 228
   at System.RuntimeMethodHandle.InvokeMethod(Object target, Void** arguments, Signature sig, Boolean isConstructor)
   at System.Reflection.MethodBaseInvoker.InvokeWithNoArgs(Object obj, BindingFlags invokeAttr)</failure>
    </testcase>
    <testcase classname="ParkingLotSystem.Tests.ParkingSpaceTests" name="CanFitVehicle_Car_ShouldOnlyFitInMediumOrLarge" time="0.0003248">
      <failure type="failure" message="System.NotImplementedException : The method or operation is not implemented.">at ParkingLotSystem.Core.Models.Vehicle..ctor(String licensePlate, VehicleType type) in C:\repos\ParkingLotSystem\src\ParkingLotSystem.Core\Models\Vehicle.cs:line 14
   at ParkingLotSystem.Core.Models.Car..ctor(String licensePlate) in C:\repos\ParkingLotSystem\src\ParkingLotSystem.Core\Models\Vehicle.cs:line 36
   at ParkingLotSystem.Tests.ParkingSpaceTests.CanFitVehicle_Car_ShouldOnlyFitInMediumOrLarge() in C:\repos\ParkingLotSystem\tests\ParkingLotSystem.Tests\ParkingSpaceTests.cs:line 104
   at System.RuntimeMethodHandle.InvokeMethod(Object target, Void** arguments, Signature sig, Boolean isConstructor)
   at System.Reflection.MethodBaseInvoker.InvokeWithNoArgs(Object obj, BindingFlags invokeAttr)</failure>
    </testcase>
    <testcase classname="ParkingLotSystem.Tests.FeeCalculationTests" name="ParkingTicket_CalculateFee_ShouldRoundUpPartialHours" time="0.0006445">
      <failure type="failure" message="System.NotImplementedException : The method or operation is not implemented.">at ParkingLotSystem.Core.Models.ParkingTicket..ctor(String ticketId, String licensePlate, String spaceId, DateTime entryTime) in C:\repos\ParkingLotSystem\src\ParkingLotSystem.Core\Models\ParkingTicket.cs:line 14
   at ParkingLotSystem.Tests.FeeCalculationTests.ParkingTicket_CalculateFee_ShouldRoundUpPartialHours() in C:\repos\ParkingLotSystem\tests\ParkingLotSystem.Tests\FeeCalculationTests.cs:line 31
   at System.RuntimeMethodHandle.InvokeMethod(Object target, Void** arguments, Signature sig, Boolean isConstructor)
   at System.Reflection.MethodBaseInvoker.InvokeWithNoArgs(Object obj, BindingFlags invokeAttr)</failure>
    </testcase>
    <testcase classname="ParkingLotSystem.Tests.VehicleTests" name="Vehicle_Constructor_WithEmptyLicensePlate_ShouldThrowException" time="0.0006920">
      <failure type="failure" message="Assert.Throws() Failure: Exception type was not an exact match&#xD;&#xA;Expected: typeof(System.ArgumentException)&#xD;&#xA;Actual:   typeof(System.NotImplementedException)&#xD;&#xA;---- System.NotImplementedException : The method or operation is not implemented.">at ParkingLotSystem.Tests.VehicleTests.Vehicle_Constructor_WithEmptyLicensePlate_ShouldThrowException() in C:\repos\ParkingLotSystem\tests\ParkingLotSystem.Tests\VehicleTests.cs:line 80
   at System.RuntimeMethodHandle.InvokeMethod(Object target, Void** arguments, Signature sig, Boolean isConstructor)
   at System.Reflection.MethodBaseInvoker.InvokeWithNoArgs(Object obj, BindingFlags invokeAttr)
----- Inner Stack Trace -----
   at ParkingLotSystem.Core.Models.Vehicle..ctor(String licensePlate, VehicleType type) in C:\repos\ParkingLotSystem\src\ParkingLotSystem.Core\Models\Vehicle.cs:line 14
   at ParkingLotSystem.Core.Models.Motorcycle..ctor(String licensePlate) in C:\repos\ParkingLotSystem\src\ParkingLotSystem.Core\Models\Vehicle.cs:line 23
   at ParkingLotSystem.Tests.VehicleTests.&lt;&gt;c.&lt;Vehicle_Constructor_WithEmptyLicensePlate_ShouldThrowException&gt;b__4_0() in C:\repos\ParkingLotSystem\tests\ParkingLotSystem.Tests\VehicleTests.cs:line 80</failure>
    </testcase>
    <testcase classname="ParkingLotSystem.Tests.ParkingSpaceTests" name="CanFitVehicle_Motorcycle_ShouldFitInAnySpace" time="0.0002346">
      <failure type="failure" message="System.NotImplementedException : The method or operation is not implemented.">at ParkingLotSystem.Core.Models.Vehicle..ctor(String licensePlate, VehicleType type) in C:\repos\ParkingLotSystem\src\ParkingLotSystem.Core\Models\Vehicle.cs:line 14
   at ParkingLotSystem.Core.Models.Motorcycle..ctor(String licensePlate) in C:\repos\ParkingLotSystem\src\ParkingLotSystem.Core\Models\Vehicle.cs:line 23
   at ParkingLotSystem.Tests.ParkingSpaceTests.CanFitVehicle_Motorcycle_ShouldFitInAnySpace() in C:\repos\ParkingLotSystem\tests\ParkingLotSystem.Tests\ParkingSpaceTests.cs:line 89
   at System.RuntimeMethodHandle.InvokeMethod(Object target, Void** arguments, Signature sig, Boolean isConstructor)
   at System.Reflection.MethodBaseInvoker.InvokeWithNoArgs(Object obj, BindingFlags invokeAttr)</failure>
    </testcase>
    <testcase classname="ParkingLotSystem.Tests.ParkingLotServiceTests" name="GetAllVehiclesOfType_ShouldReturnCorrectVehicles" time="0.0003191">
      <failure type="failure" message="System.NotImplementedException : The method or operation is not implemented.">at ParkingLotSystem.Core.Services.ParkingLotService.InitializeParkingSpaces(Int32 smallSpaces, Int32 mediumSpaces, Int32 largeSpaces) in C:\repos\ParkingLotSystem\src\ParkingLotSystem.Core\Services\ParkingLotService.cs:line 38
   at ParkingLotSystem.Core.Services.ParkingLotService..ctor(Int32 smallSpaces, Int32 mediumSpaces, Int32 largeSpaces) in C:\repos\ParkingLotSystem\src\ParkingLotSystem.Core\Services\ParkingLotService.cs:line 29
   at ParkingLotSystem.Tests.ParkingLotServiceTests.CreateParkingLot(Int32 small, Int32 medium, Int32 large) in C:\repos\ParkingLotSystem\tests\ParkingLotSystem.Tests\ParkingLotServiceTests.cs:line 13
   at ParkingLotSystem.Tests.ParkingLotServiceTests.GetAllVehiclesOfType_ShouldReturnCorrectVehicles() in C:\repos\ParkingLotSystem\tests\ParkingLotSystem.Tests\ParkingLotServiceTests.cs:line 195
   at System.RuntimeMethodHandle.InvokeMethod(Object target, Void** arguments, Signature sig, Boolean isConstructor)
   at System.Reflection.MethodBaseInvoker.InvokeWithNoArgs(Object obj, BindingFlags invokeAttr)</failure>
    </testcase>
    <testcase classname="ParkingLotSystem.Tests.FeeCalculationTests" name="CalculateParkingFee_InvalidTicket_ShouldThrowException" time="0.0002650">
      <failure type="failure" message="System.NotImplementedException : The method or operation is not implemented.">at ParkingLotSystem.Core.Services.ParkingLotService.InitializeParkingSpaces(Int32 smallSpaces, Int32 mediumSpaces, Int32 largeSpaces) in C:\repos\ParkingLotSystem\src\ParkingLotSystem.Core\Services\ParkingLotService.cs:line 38
   at ParkingLotSystem.Core.Services.ParkingLotService..ctor(Int32 smallSpaces, Int32 mediumSpaces, Int32 largeSpaces) in C:\repos\ParkingLotSystem\src\ParkingLotSystem.Core\Services\ParkingLotService.cs:line 29
   at ParkingLotSystem.Tests.FeeCalculationTests.CalculateParkingFee_InvalidTicket_ShouldThrowException() in C:\repos\ParkingLotSystem\tests\ParkingLotSystem.Tests\FeeCalculationTests.cs:line 105
   at System.RuntimeMethodHandle.InvokeMethod(Object target, Void** arguments, Signature sig, Boolean isConstructor)
   at System.Reflection.MethodBaseInvoker.InvokeWithNoArgs(Object obj, BindingFlags invokeAttr)</failure>
    </testcase>
    <testcase classname="ParkingLotSystem.Tests.VehicleTests" name="Vehicle_Constructor_ShouldSetProperties" time="0.0002160">
      <failure type="failure" message="System.NotImplementedException : The method or operation is not implemented.">at ParkingLotSystem.Core.Models.Vehicle..ctor(String licensePlate, VehicleType type) in C:\repos\ParkingLotSystem\src\ParkingLotSystem.Core\Models\Vehicle.cs:line 14
   at ParkingLotSystem.Core.Models.Motorcycle..ctor(String licensePlate) in C:\repos\ParkingLotSystem\src\ParkingLotSystem.Core\Models\Vehicle.cs:line 23
   at ParkingLotSystem.Tests.VehicleTests.Vehicle_Constructor_ShouldSetProperties() in C:\repos\ParkingLotSystem\tests\ParkingLotSystem.Tests\VehicleTests.cs:line 61
   at System.RuntimeMethodHandle.InvokeMethod(Object target, Void** arguments, Signature sig, Boolean isConstructor)
   at System.Reflection.MethodBaseInvoker.InvokeWithNoArgs(Object obj, BindingFlags invokeAttr)</failure>
    </testcase>
    <testcase classname="ParkingLotSystem.Tests.ParkingSpaceTests" name="ParkVehicle_InOccupiedSpace_ShouldThrowException" time="0.0002805">
      <failure type="failure" message="System.NotImplementedException : The method or operation is not implemented.">at ParkingLotSystem.Core.Models.Vehicle..ctor(String licensePlate, VehicleType type) in C:\repos\ParkingLotSystem\src\ParkingLotSystem.Core\Models\Vehicle.cs:line 14
   at ParkingLotSystem.Core.Models.Truck..ctor(String licensePlate) in C:\repos\ParkingLotSystem\src\ParkingLotSystem.Core\Models\Vehicle.cs:line 51
   at ParkingLotSystem.Tests.ParkingSpaceTests.ParkVehicle_InOccupiedSpace_ShouldThrowException() in C:\repos\ParkingLotSystem\tests\ParkingLotSystem.Tests\ParkingSpaceTests.cs:line 44
   at System.RuntimeMethodHandle.InvokeMethod(Object target, Void** arguments, Signature sig, Boolean isConstructor)
   at System.Reflection.MethodBaseInvoker.InvokeWithNoArgs(Object obj, BindingFlags invokeAttr)</failure>
    </testcase>
    <testcase classname="ParkingLotSystem.Tests.ParkingLotServiceTests" name="GetOccupancyRate_ShouldCalculateCorrectly" time="0.0002271">
      <failure type="failure" message="System.NotImplementedException : The method or operation is not implemented.">at ParkingLotSystem.Core.Services.ParkingLotService.InitializeParkingSpaces(Int32 smallSpaces, Int32 mediumSpaces, Int32 largeSpaces) in C:\repos\ParkingLotSystem\src\ParkingLotSystem.Core\Services\ParkingLotService.cs:line 38
   at ParkingLotSystem.Core.Services.ParkingLotService..ctor(Int32 smallSpaces, Int32 mediumSpaces, Int32 largeSpaces) in C:\repos\ParkingLotSystem\src\ParkingLotSystem.Core\Services\ParkingLotService.cs:line 29
   at ParkingLotSystem.Tests.ParkingLotServiceTests.CreateParkingLot(Int32 small, Int32 medium, Int32 large) in C:\repos\ParkingLotSystem\tests\ParkingLotSystem.Tests\ParkingLotServiceTests.cs:line 13
   at ParkingLotSystem.Tests.ParkingLotServiceTests.GetOccupancyRate_ShouldCalculateCorrectly() in C:\repos\ParkingLotSystem\tests\ParkingLotSystem.Tests\ParkingLotServiceTests.cs:line 212
   at System.RuntimeMethodHandle.InvokeMethod(Object target, Void** arguments, Signature sig, Boolean isConstructor)
   at System.Reflection.MethodBaseInvoker.InvokeWithNoArgs(Object obj, BindingFlags invokeAttr)</failure>
    </testcase>
    <testcase classname="ParkingLotSystem.Tests.VehicleTests" name="Car_GetCompatibleSpaceSizes_ShouldReturnMediumAndLarge" time="0.0002405">
      <failure type="failure" message="System.NotImplementedException : The method or operation is not implemented.">at ParkingLotSystem.Core.Models.Vehicle..ctor(String licensePlate, VehicleType type) in C:\repos\ParkingLotSystem\src\ParkingLotSystem.Core\Models\Vehicle.cs:line 14
   at ParkingLotSystem.Core.Models.Car..ctor(String licensePlate) in C:\repos\ParkingLotSystem\src\ParkingLotSystem.Core\Models\Vehicle.cs:line 36
   at ParkingLotSystem.Tests.VehicleTests.Car_GetCompatibleSpaceSizes_ShouldReturnMediumAndLarge() in C:\repos\ParkingLotSystem\tests\ParkingLotSystem.Tests\VehicleTests.cs:line 29
   at System.RuntimeMethodHandle.InvokeMethod(Object target, Void** arguments, Signature sig, Boolean isConstructor)
   at System.Reflection.MethodBaseInvoker.InvokeWithNoArgs(Object obj, BindingFlags invokeAttr)</failure>
    </testcase>
    <testcase classname="ParkingLotSystem.Tests.ParkingSpaceTests" name="ParkVehicle_InEmptySpace_ShouldSucceed" time="0.0001898">
      <failure type="failure" message="System.NotImplementedException : The method or operation is not implemented.">at ParkingLotSystem.Core.Models.Vehicle..ctor(String licensePlate, VehicleType type) in C:\repos\ParkingLotSystem\src\ParkingLotSystem.Core\Models\Vehicle.cs:line 14
   at ParkingLotSystem.Core.Models.Car..ctor(String licensePlate) in C:\repos\ParkingLotSystem\src\ParkingLotSystem.Core\Models\Vehicle.cs:line 36
   at ParkingLotSystem.Tests.ParkingSpaceTests.ParkVehicle_InEmptySpace_ShouldSucceed() in C:\repos\ParkingLotSystem\tests\ParkingLotSystem.Tests\ParkingSpaceTests.cs:line 28
   at System.RuntimeMethodHandle.InvokeMethod(Object target, Void** arguments, Signature sig, Boolean isConstructor)
   at System.Reflection.MethodBaseInvoker.InvokeWithNoArgs(Object obj, BindingFlags invokeAttr)</failure>
    </testcase>
    <testcase classname="ParkingLotSystem.Tests.FeeCalculationTests" name="ParkingTicket_CalculateFee_ExactHours_ShouldNotRoundUp" time="0.0003378">
      <failure type="failure" message="System.NotImplementedException : The method or operation is not implemented.">at ParkingLotSystem.Core.Models.ParkingTicket..ctor(String ticketId, String licensePlate, String spaceId, DateTime entryTime) in C:\repos\ParkingLotSystem\src\ParkingLotSystem.Core\Models\ParkingTicket.cs:line 14
   at ParkingLotSystem.Tests.FeeCalculationTests.ParkingTicket_CalculateFee_ExactHours_ShouldNotRoundUp() in C:\repos\ParkingLotSystem\tests\ParkingLotSystem.Tests\FeeCalculationTests.cs:line 131
   at System.RuntimeMethodHandle.InvokeMethod(Object target, Void** arguments, Signature sig, Boolean isConstructor)
   at System.Reflection.MethodBaseInvoker.InvokeWithNoArgs(Object obj, BindingFlags invokeAttr)</failure>
    </testcase>
    <testcase classname="ParkingLotSystem.Tests.ParkingLotServiceTests" name="UnparkVehicle_InvalidTicket_ShouldThrowException" time="0.0002883">
      <failure type="failure" message="System.NotImplementedException : The method or operation is not implemented.">at ParkingLotSystem.Core.Services.ParkingLotService.InitializeParkingSpaces(Int32 smallSpaces, Int32 mediumSpaces, Int32 largeSpaces) in C:\repos\ParkingLotSystem\src\ParkingLotSystem.Core\Services\ParkingLotService.cs:line 38
   at ParkingLotSystem.Core.Services.ParkingLotService..ctor(Int32 smallSpaces, Int32 mediumSpaces, Int32 largeSpaces) in C:\repos\ParkingLotSystem\src\ParkingLotSystem.Core\Services\ParkingLotService.cs:line 29
   at ParkingLotSystem.Tests.ParkingLotServiceTests.CreateParkingLot(Int32 small, Int32 medium, Int32 large) in C:\repos\ParkingLotSystem\tests\ParkingLotSystem.Tests\ParkingLotServiceTests.cs:line 13
   at ParkingLotSystem.Tests.ParkingLotServiceTests.UnparkVehicle_InvalidTicket_ShouldThrowException() in C:\repos\ParkingLotSystem\tests\ParkingLotSystem.Tests\ParkingLotServiceTests.cs:line 101
   at System.RuntimeMethodHandle.InvokeMethod(Object target, Void** arguments, Signature sig, Boolean isConstructor)
   at System.Reflection.MethodBaseInvoker.InvokeWithNoArgs(Object obj, BindingFlags invokeAttr)</failure>
    </testcase>
    <testcase classname="ParkingLotSystem.Tests.ParkingSpaceTests" name="RemoveVehicle_FromOccupiedSpace_ShouldReturnVehicle" time="0.0002220">
      <failure type="failure" message="System.NotImplementedException : The method or operation is not implemented.">at ParkingLotSystem.Core.Models.Vehicle..ctor(String licensePlate, VehicleType type) in C:\repos\ParkingLotSystem\src\ParkingLotSystem.Core\Models\Vehicle.cs:line 14
   at ParkingLotSystem.Core.Models.Motorcycle..ctor(String licensePlate) in C:\repos\ParkingLotSystem\src\ParkingLotSystem.Core\Models\Vehicle.cs:line 23
   at ParkingLotSystem.Tests.ParkingSpaceTests.RemoveVehicle_FromOccupiedSpace_ShouldReturnVehicle() in C:\repos\ParkingLotSystem\tests\ParkingLotSystem.Tests\ParkingSpaceTests.cs:line 59
   at System.RuntimeMethodHandle.InvokeMethod(Object target, Void** arguments, Signature sig, Boolean isConstructor)
   at System.Reflection.MethodBaseInvoker.InvokeWithNoArgs(Object obj, BindingFlags invokeAttr)</failure>
    </testcase>
    <testcase classname="ParkingLotSystem.Tests.ParkingLotServiceTests" name="GetAvailableSpaces_ShouldReturnCorrectCounts" time="0.0001733">
      <failure type="failure" message="System.NotImplementedException : The method or operation is not implemented.">at ParkingLotSystem.Core.Services.ParkingLotService.InitializeParkingSpaces(Int32 smallSpaces, Int32 mediumSpaces, Int32 largeSpaces) in C:\repos\ParkingLotSystem\src\ParkingLotSystem.Core\Services\ParkingLotService.cs:line 38
   at ParkingLotSystem.Core.Services.ParkingLotService..ctor(Int32 smallSpaces, Int32 mediumSpaces, Int32 largeSpaces) in C:\repos\ParkingLotSystem\src\ParkingLotSystem.Core\Services\ParkingLotService.cs:line 29
   at ParkingLotSystem.Tests.ParkingLotServiceTests.CreateParkingLot(Int32 small, Int32 medium, Int32 large) in C:\repos\ParkingLotSystem\tests\ParkingLotSystem.Tests\ParkingLotServiceTests.cs:line 13
   at ParkingLotSystem.Tests.ParkingLotServiceTests.GetAvailableSpaces_ShouldReturnCorrectCounts() in C:\repos\ParkingLotSystem\tests\ParkingLotSystem.Tests\ParkingLotServiceTests.cs:line 111
   at System.RuntimeMethodHandle.InvokeMethod(Object target, Void** arguments, Signature sig, Boolean isConstructor)
   at System.Reflection.MethodBaseInvoker.InvokeWithNoArgs(Object obj, BindingFlags invokeAttr)</failure>
    </testcase>
    <testcase classname="ParkingLotSystem.Tests.FeeCalculationTests" name="CalculateParkingFee_Truck_ShouldUseCorrectRate" time="0.0001974">
      <failure type="failure" message="System.NotImplementedException : The method or operation is not implemented.">at ParkingLotSystem.Core.Services.ParkingLotService.InitializeParkingSpaces(Int32 smallSpaces, Int32 mediumSpaces, Int32 largeSpaces) in C:\repos\ParkingLotSystem\src\ParkingLotSystem.Core\Services\ParkingLotService.cs:line 38
   at ParkingLotSystem.Core.Services.ParkingLotService..ctor(Int32 smallSpaces, Int32 mediumSpaces, Int32 largeSpaces) in C:\repos\ParkingLotSystem\src\ParkingLotSystem.Core\Services\ParkingLotService.cs:line 29
   at ParkingLotSystem.Tests.FeeCalculationTests.CalculateParkingFee_Truck_ShouldUseCorrectRate() in C:\repos\ParkingLotSystem\tests\ParkingLotSystem.Tests\FeeCalculationTests.cs:line 90
   at System.RuntimeMethodHandle.InvokeMethod(Object target, Void** arguments, Signature sig, Boolean isConstructor)
   at System.Reflection.MethodBaseInvoker.InvokeWithNoArgs(Object obj, BindingFlags invokeAttr)</failure>
    </testcase>
    <testcase classname="ParkingLotSystem.Tests.VehicleTests" name="Vehicle_Constructor_WithNullLicensePlate_ShouldThrowException" time="0.0003302">
      <failure type="failure" message="Assert.Throws() Failure: Exception type was not an exact match&#xD;&#xA;Expected: typeof(System.ArgumentNullException)&#xD;&#xA;Actual:   typeof(System.NotImplementedException)&#xD;&#xA;---- System.NotImplementedException : The method or operation is not implemented.">at ParkingLotSystem.Tests.VehicleTests.Vehicle_Constructor_WithNullLicensePlate_ShouldThrowException() in C:\repos\ParkingLotSystem\tests\ParkingLotSystem.Tests\VehicleTests.cs:line 89
   at System.RuntimeMethodHandle.InvokeMethod(Object target, Void** arguments, Signature sig, Boolean isConstructor)
   at System.Reflection.MethodBaseInvoker.InvokeWithNoArgs(Object obj, BindingFlags invokeAttr)
----- Inner Stack Trace -----
   at ParkingLotSystem.Core.Models.Vehicle..ctor(String licensePlate, VehicleType type) in C:\repos\ParkingLotSystem\src\ParkingLotSystem.Core\Models\Vehicle.cs:line 14
   at ParkingLotSystem.Core.Models.Motorcycle..ctor(String licensePlate) in C:\repos\ParkingLotSystem\src\ParkingLotSystem.Core\Models\Vehicle.cs:line 23
   at ParkingLotSystem.Tests.VehicleTests.&lt;&gt;c.&lt;Vehicle_Constructor_WithNullLicensePlate_ShouldThrowException&gt;b__5_0() in C:\repos\ParkingLotSystem\tests\ParkingLotSystem.Tests\VehicleTests.cs:line 89</failure>
    </testcase>
    <testcase classname="ParkingLotSystem.Tests.ParkingLotServiceTests" name="IsFull_WhenNotFull_ShouldReturnFalse" time="0.0001677">
      <failure type="failure" message="System.NotImplementedException : The method or operation is not implemented.">at ParkingLotSystem.Core.Services.ParkingLotService.InitializeParkingSpaces(Int32 smallSpaces, Int32 mediumSpaces, Int32 largeSpaces) in C:\repos\ParkingLotSystem\src\ParkingLotSystem.Core\Services\ParkingLotService.cs:line 38
   at ParkingLotSystem.Core.Services.ParkingLotService..ctor(Int32 smallSpaces, Int32 mediumSpaces, Int32 largeSpaces) in C:\repos\ParkingLotSystem\src\ParkingLotSystem.Core\Services\ParkingLotService.cs:line 29
   at ParkingLotSystem.Tests.ParkingLotServiceTests.CreateParkingLot(Int32 small, Int32 medium, Int32 large) in C:\repos\ParkingLotSystem\tests\ParkingLotSystem.Tests\ParkingLotServiceTests.cs:line 13
   at ParkingLotSystem.Tests.ParkingLotServiceTests.IsFull_WhenNotFull_ShouldReturnFalse() in C:\repos\ParkingLotSystem\tests\ParkingLotSystem.Tests\ParkingLotServiceTests.cs:line 143
   at System.RuntimeMethodHandle.InvokeMethod(Object target, Void** arguments, Signature sig, Boolean isConstructor)
   at System.Reflection.MethodBaseInvoker.InvokeWithNoArgs(Object obj, BindingFlags invokeAttr)</failure>
    </testcase>
    <testcase classname="ParkingLotSystem.Tests.FeeCalculationTests" name="CalculateParkingFee_Motorcycle_ShouldUseCorrectRate" time="0.0002939">
      <failure type="failure" message="System.NotImplementedException : The method or operation is not implemented.">at ParkingLotSystem.Core.Services.ParkingLotService.InitializeParkingSpaces(Int32 smallSpaces, Int32 mediumSpaces, Int32 largeSpaces) in C:\repos\ParkingLotSystem\src\ParkingLotSystem.Core\Services\ParkingLotService.cs:line 38
   at ParkingLotSystem.Core.Services.ParkingLotService..ctor(Int32 smallSpaces, Int32 mediumSpaces, Int32 largeSpaces) in C:\repos\ParkingLotSystem\src\ParkingLotSystem.Core\Services\ParkingLotService.cs:line 29
   at ParkingLotSystem.Tests.FeeCalculationTests.CalculateParkingFee_Motorcycle_ShouldUseCorrectRate() in C:\repos\ParkingLotSystem\tests\ParkingLotSystem.Tests\FeeCalculationTests.cs:line 13
   at System.RuntimeMethodHandle.InvokeMethod(Object target, Void** arguments, Signature sig, Boolean isConstructor)
   at System.Reflection.MethodBaseInvoker.InvokeWithNoArgs(Object obj, BindingFlags invokeAttr)</failure>
    </testcase>
    <testcase classname="ParkingLotSystem.Tests.VehicleTests" name="Motorcycle_GetCompatibleSpaceSizes_ShouldReturnAllSizes" time="0.0003742">
      <failure type="failure" message="System.NotImplementedException : The method or operation is not implemented.">at ParkingLotSystem.Core.Models.Vehicle..ctor(String licensePlate, VehicleType type) in C:\repos\ParkingLotSystem\src\ParkingLotSystem.Core\Models\Vehicle.cs:line 14
   at ParkingLotSystem.Core.Models.Motorcycle..ctor(String licensePlate) in C:\repos\ParkingLotSystem\src\ParkingLotSystem.Core\Models\Vehicle.cs:line 23
   at ParkingLotSystem.Tests.VehicleTests.Motorcycle_GetCompatibleSpaceSizes_ShouldReturnAllSizes() in C:\repos\ParkingLotSystem\tests\ParkingLotSystem.Tests\VehicleTests.cs:line 13
   at System.RuntimeMethodHandle.InvokeMethod(Object target, Void** arguments, Signature sig, Boolean isConstructor)
   at System.Reflection.MethodBaseInvoker.InvokeWithNoArgs(Object obj, BindingFlags invokeAttr)</failure>
    </testcase>
    <testcase classname="ParkingLotSystem.Tests.ParkingLotServiceTests" name="ParkVehicle_Car_ShouldParkInMediumOrLargeSpace" time="0.0004114">
      <failure type="failure" message="System.NotImplementedException : The method or operation is not implemented.">at ParkingLotSystem.Core.Services.ParkingLotService.InitializeParkingSpaces(Int32 smallSpaces, Int32 mediumSpaces, Int32 largeSpaces) in C:\repos\ParkingLotSystem\src\ParkingLotSystem.Core\Services\ParkingLotService.cs:line 38
   at ParkingLotSystem.Core.Services.ParkingLotService..ctor(Int32 smallSpaces, Int32 mediumSpaces, Int32 largeSpaces) in C:\repos\ParkingLotSystem\src\ParkingLotSystem.Core\Services\ParkingLotService.cs:line 29
   at ParkingLotSystem.Tests.ParkingLotServiceTests.CreateParkingLot(Int32 small, Int32 medium, Int32 large) in C:\repos\ParkingLotSystem\tests\ParkingLotSystem.Tests\ParkingLotServiceTests.cs:line 13
   at ParkingLotSystem.Tests.ParkingLotServiceTests.ParkVehicle_Car_ShouldParkInMediumOrLargeSpace() in C:\repos\ParkingLotSystem\tests\ParkingLotSystem.Tests\ParkingLotServiceTests.cs:line 37
   at System.RuntimeMethodHandle.InvokeMethod(Object target, Void** arguments, Signature sig, Boolean isConstructor)
   at System.Reflection.MethodBaseInvoker.InvokeWithNoArgs(Object obj, BindingFlags invokeAttr)</failure>
    </testcase>
    <testcase classname="ParkingLotSystem.Tests.FeeCalculationTests" name="CalculateParkingFee_Car_ShouldUseCorrectRate" time="0.0002899">
      <failure type="failure" message="System.NotImplementedException : The method or operation is not implemented.">at ParkingLotSystem.Core.Services.ParkingLotService.InitializeParkingSpaces(Int32 smallSpaces, Int32 mediumSpaces, Int32 largeSpaces) in C:\repos\ParkingLotSystem\src\ParkingLotSystem.Core\Services\ParkingLotService.cs:line 38
   at ParkingLotSystem.Core.Services.ParkingLotService..ctor(Int32 smallSpaces, Int32 mediumSpaces, Int32 largeSpaces) in C:\repos\ParkingLotSystem\src\ParkingLotSystem.Core\Services\ParkingLotService.cs:line 29
   at ParkingLotSystem.Tests.FeeCalculationTests.CalculateParkingFee_Car_ShouldUseCorrectRate() in C:\repos\ParkingLotSystem\tests\ParkingLotSystem.Tests\FeeCalculationTests.cs:line 75
   at System.RuntimeMethodHandle.InvokeMethod(Object target, Void** arguments, Signature sig, Boolean isConstructor)
   at System.Reflection.MethodBaseInvoker.InvokeWithNoArgs(Object obj, BindingFlags invokeAttr)</failure>
    </testcase>
    <testcase classname="ParkingLotSystem.Tests.ParkingLotServiceTests" name="UnparkVehicle_ValidTicket_ShouldReturnVehicle" time="0.0001671">
      <failure type="failure" message="System.NotImplementedException : The method or operation is not implemented.">at ParkingLotSystem.Core.Services.ParkingLotService.InitializeParkingSpaces(Int32 smallSpaces, Int32 mediumSpaces, Int32 largeSpaces) in C:\repos\ParkingLotSystem\src\ParkingLotSystem.Core\Services\ParkingLotService.cs:line 38
   at ParkingLotSystem.Core.Services.ParkingLotService..ctor(Int32 smallSpaces, Int32 mediumSpaces, Int32 largeSpaces) in C:\repos\ParkingLotSystem\src\ParkingLotSystem.Core\Services\ParkingLotService.cs:line 29
   at ParkingLotSystem.Tests.ParkingLotServiceTests.CreateParkingLot(Int32 small, Int32 medium, Int32 large) in C:\repos\ParkingLotSystem\tests\ParkingLotSystem.Tests\ParkingLotServiceTests.cs:line 13
   at ParkingLotSystem.Tests.ParkingLotServiceTests.UnparkVehicle_ValidTicket_ShouldReturnVehicle() in C:\repos\ParkingLotSystem\tests\ParkingLotSystem.Tests\ParkingLotServiceTests.cs:line 85
   at System.RuntimeMethodHandle.InvokeMethod(Object target, Void** arguments, Signature sig, Boolean isConstructor)
   at System.Reflection.MethodBaseInvoker.InvokeWithNoArgs(Object obj, BindingFlags invokeAttr)</failure>
    </testcase>
    <testcase classname="ParkingLotSystem.Tests.FeeCalculationTests" name="ParkingTicket_GetParkingDuration_WithExit_ShouldUseExitTime" time="0.0002755">
      <failure type="failure" message="System.NotImplementedException : The method or operation is not implemented.">at ParkingLotSystem.Core.Models.ParkingTicket..ctor(String ticketId, String licensePlate, String spaceId, DateTime entryTime) in C:\repos\ParkingLotSystem\src\ParkingLotSystem.Core\Models\ParkingTicket.cs:line 14
   at ParkingLotSystem.Tests.FeeCalculationTests.ParkingTicket_GetParkingDuration_WithExit_ShouldUseExitTime() in C:\repos\ParkingLotSystem\tests\ParkingLotSystem.Tests\FeeCalculationTests.cs:line 61
   at System.RuntimeMethodHandle.InvokeMethod(Object target, Void** arguments, Signature sig, Boolean isConstructor)
   at System.Reflection.MethodBaseInvoker.InvokeWithNoArgs(Object obj, BindingFlags invokeAttr)</failure>
    </testcase>
    <testcase classname="ParkingLotSystem.Tests.ParkingLotServiceTests" name="ParkVehicle_WhenNoSpaceAvailable_ShouldThrowException" time="0.0002556">
      <failure type="failure" message="System.NotImplementedException : The method or operation is not implemented.">at ParkingLotSystem.Core.Services.ParkingLotService.InitializeParkingSpaces(Int32 smallSpaces, Int32 mediumSpaces, Int32 largeSpaces) in C:\repos\ParkingLotSystem\src\ParkingLotSystem.Core\Services\ParkingLotService.cs:line 38
   at ParkingLotSystem.Core.Services.ParkingLotService..ctor(Int32 smallSpaces, Int32 mediumSpaces, Int32 largeSpaces) in C:\repos\ParkingLotSystem\src\ParkingLotSystem.Core\Services\ParkingLotService.cs:line 29
   at ParkingLotSystem.Tests.ParkingLotServiceTests.CreateParkingLot(Int32 small, Int32 medium, Int32 large) in C:\repos\ParkingLotSystem\tests\ParkingLotSystem.Tests\ParkingLotServiceTests.cs:line 13
   at ParkingLotSystem.Tests.ParkingLotServiceTests.ParkVehicle_WhenNoSpaceAvailable_ShouldThrowException() in C:\repos\ParkingLotSystem\tests\ParkingLotSystem.Tests\ParkingLotServiceTests.cs:line 70
   at System.RuntimeMethodHandle.InvokeMethod(Object target, Void** arguments, Signature sig, Boolean isConstructor)
   at System.Reflection.MethodBaseInvoker.InvokeWithNoArgs(Object obj, BindingFlags invokeAttr)</failure>
    </testcase>
    <testcase classname="ParkingLotSystem.Tests.FeeCalculationTests" name="ParkingTicket_GetParkingDuration_WithoutExit_ShouldUseCurrentTime" time="0.0002759">
      <failure type="failure" message="System.NotImplementedException : The method or operation is not implemented.">at ParkingLotSystem.Core.Models.ParkingTicket..ctor(String ticketId, String licensePlate, String spaceId, DateTime entryTime) in C:\repos\ParkingLotSystem\src\ParkingLotSystem.Core\Models\ParkingTicket.cs:line 14
   at ParkingLotSystem.Tests.FeeCalculationTests.ParkingTicket_GetParkingDuration_WithoutExit_ShouldUseCurrentTime() in C:\repos\ParkingLotSystem\tests\ParkingLotSystem.Tests\FeeCalculationTests.cs:line 46
   at System.RuntimeMethodHandle.InvokeMethod(Object target, Void** arguments, Signature sig, Boolean isConstructor)
   at System.Reflection.MethodBaseInvoker.InvokeWithNoArgs(Object obj, BindingFlags invokeAttr)</failure>
    </testcase>
    <testcase classname="ParkingLotSystem.Tests.ParkingLotServiceTests" name="Car_CannotParkInSmallSpace" time="0.0002813">
      <failure type="failure" message="System.NotImplementedException : The method or operation is not implemented.">at ParkingLotSystem.Core.Services.ParkingLotService.InitializeParkingSpaces(Int32 smallSpaces, Int32 mediumSpaces, Int32 largeSpaces) in C:\repos\ParkingLotSystem\src\ParkingLotSystem.Core\Services\ParkingLotService.cs:line 38
   at ParkingLotSystem.Core.Services.ParkingLotService..ctor(Int32 smallSpaces, Int32 mediumSpaces, Int32 largeSpaces) in C:\repos\ParkingLotSystem\src\ParkingLotSystem.Core\Services\ParkingLotService.cs:line 29
   at ParkingLotSystem.Tests.ParkingLotServiceTests.CreateParkingLot(Int32 small, Int32 medium, Int32 large) in C:\repos\ParkingLotSystem\tests\ParkingLotSystem.Tests\ParkingLotServiceTests.cs:line 13
   at ParkingLotSystem.Tests.ParkingLotServiceTests.Car_CannotParkInSmallSpace() in C:\repos\ParkingLotSystem\tests\ParkingLotSystem.Tests\ParkingLotServiceTests.cs:line 271
   at System.RuntimeMethodHandle.InvokeMethod(Object target, Void** arguments, Signature sig, Boolean isConstructor)
   at System.Reflection.MethodBaseInvoker.InvokeWithNoArgs(Object obj, BindingFlags invokeAttr)</failure>
    </testcase>
    <testcase classname="ParkingLotSystem.Tests.ParkingLotServiceTests" name="ParkVehicle_Truck_ShouldOnlyParkInLargeSpace" time="0.0001815">
      <failure type="failure" message="System.NotImplementedException : The method or operation is not implemented.">at ParkingLotSystem.Core.Services.ParkingLotService.InitializeParkingSpaces(Int32 smallSpaces, Int32 mediumSpaces, Int32 largeSpaces) in C:\repos\ParkingLotSystem\src\ParkingLotSystem.Core\Services\ParkingLotService.cs:line 38
   at ParkingLotSystem.Core.Services.ParkingLotService..ctor(Int32 smallSpaces, Int32 mediumSpaces, Int32 largeSpaces) in C:\repos\ParkingLotSystem\src\ParkingLotSystem.Core\Services\ParkingLotService.cs:line 29
   at ParkingLotSystem.Tests.ParkingLotServiceTests.CreateParkingLot(Int32 small, Int32 medium, Int32 large) in C:\repos\ParkingLotSystem\tests\ParkingLotSystem.Tests\ParkingLotServiceTests.cs:line 13
   at ParkingLotSystem.Tests.ParkingLotServiceTests.ParkVehicle_Truck_ShouldOnlyParkInLargeSpace() in C:\repos\ParkingLotSystem\tests\ParkingLotSystem.Tests\ParkingLotServiceTests.cs:line 53
   at System.RuntimeMethodHandle.InvokeMethod(Object target, Void** arguments, Signature sig, Boolean isConstructor)
   at System.Reflection.MethodBaseInvoker.InvokeWithNoArgs(Object obj, BindingFlags invokeAttr)</failure>
    </testcase>
    <testcase classname="ParkingLotSystem.Tests.ParkingLotServiceTests" name="ParkVehicle_DuplicateLicensePlate_ShouldThrowException" time="0.0005611">
      <failure type="failure" message="System.NotImplementedException : The method or operation is not implemented.">at ParkingLotSystem.Core.Services.ParkingLotService.InitializeParkingSpaces(Int32 smallSpaces, Int32 mediumSpaces, Int32 largeSpaces) in C:\repos\ParkingLotSystem\src\ParkingLotSystem.Core\Services\ParkingLotService.cs:line 38
   at ParkingLotSystem.Core.Services.ParkingLotService..ctor(Int32 smallSpaces, Int32 mediumSpaces, Int32 largeSpaces) in C:\repos\ParkingLotSystem\src\ParkingLotSystem.Core\Services\ParkingLotService.cs:line 29
   at ParkingLotSystem.Tests.ParkingLotServiceTests.CreateParkingLot(Int32 small, Int32 medium, Int32 large) in C:\repos\ParkingLotSystem\tests\ParkingLotSystem.Tests\ParkingLotServiceTests.cs:line 13
   at ParkingLotSystem.Tests.ParkingLotServiceTests.ParkVehicle_DuplicateLicensePlate_ShouldThrowException() in C:\repos\ParkingLotSystem\tests\ParkingLotSystem.Tests\ParkingLotServiceTests.cs:line 241
   at System.RuntimeMethodHandle.InvokeMethod(Object target, Void** arguments, Signature sig, Boolean isConstructor)
   at System.Reflection.MethodBaseInvoker.InvokeWithNoArgs(Object obj, BindingFlags invokeAttr)</failure>
    </testcase>
    <testcase classname="ParkingLotSystem.Tests.ParkingLotServiceTests" name="FindVehicleByLicensePlate_WhenExists_ShouldReturnVehicle" time="0.0002573">
      <failure type="failure" message="System.NotImplementedException : The method or operation is not implemented.">at ParkingLotSystem.Core.Services.ParkingLotService.InitializeParkingSpaces(Int32 smallSpaces, Int32 mediumSpaces, Int32 largeSpaces) in C:\repos\ParkingLotSystem\src\ParkingLotSystem.Core\Services\ParkingLotService.cs:line 38
   at ParkingLotSystem.Core.Services.ParkingLotService..ctor(Int32 smallSpaces, Int32 mediumSpaces, Int32 largeSpaces) in C:\repos\ParkingLotSystem\src\ParkingLotSystem.Core\Services\ParkingLotService.cs:line 29
   at ParkingLotSystem.Tests.ParkingLotServiceTests.CreateParkingLot(Int32 small, Int32 medium, Int32 large) in C:\repos\ParkingLotSystem\tests\ParkingLotSystem.Tests\ParkingLotServiceTests.cs:line 13
   at ParkingLotSystem.Tests.ParkingLotServiceTests.FindVehicleByLicensePlate_WhenExists_ShouldReturnVehicle() in C:\repos\ParkingLotSystem\tests\ParkingLotSystem.Tests\ParkingLotServiceTests.cs:line 166
   at System.RuntimeMethodHandle.InvokeMethod(Object target, Void** arguments, Signature sig, Boolean isConstructor)
   at System.Reflection.MethodBaseInvoker.InvokeWithNoArgs(Object obj, BindingFlags invokeAttr)</failure>
    </testcase>
    <testcase classname="ParkingLotSystem.Tests.ParkingLotServiceTests" name="ParkVehicle_Motorcycle_ShouldParkSuccessfully" time="0.0002499">
      <failure type="failure" message="System.NotImplementedException : The method or operation is not implemented.">at ParkingLotSystem.Core.Services.ParkingLotService.InitializeParkingSpaces(Int32 smallSpaces, Int32 mediumSpaces, Int32 largeSpaces) in C:\repos\ParkingLotSystem\src\ParkingLotSystem.Core\Services\ParkingLotService.cs:line 38
   at ParkingLotSystem.Core.Services.ParkingLotService..ctor(Int32 smallSpaces, Int32 mediumSpaces, Int32 largeSpaces) in C:\repos\ParkingLotSystem\src\ParkingLotSystem.Core\Services\ParkingLotService.cs:line 29
   at ParkingLotSystem.Tests.ParkingLotServiceTests.CreateParkingLot(Int32 small, Int32 medium, Int32 large) in C:\repos\ParkingLotSystem\tests\ParkingLotSystem.Tests\ParkingLotServiceTests.cs:line 13
   at ParkingLotSystem.Tests.ParkingLotServiceTests.ParkVehicle_Motorcycle_ShouldParkSuccessfully() in C:\repos\ParkingLotSystem\tests\ParkingLotSystem.Tests\ParkingLotServiceTests.cs:line 20
   at System.RuntimeMethodHandle.InvokeMethod(Object target, Void** arguments, Signature sig, Boolean isConstructor)
   at System.Reflection.MethodBaseInvoker.InvokeWithNoArgs(Object obj, BindingFlags invokeAttr)</failure>
    </testcase>
    <testcase classname="ParkingLotSystem.Tests.ParkingLotServiceTests" name="Motorcycle_CanParkInAnySpace" time="0.0002383">
      <failure type="failure" message="System.NotImplementedException : The method or operation is not implemented.">at ParkingLotSystem.Core.Services.ParkingLotService.InitializeParkingSpaces(Int32 smallSpaces, Int32 mediumSpaces, Int32 largeSpaces) in C:\repos\ParkingLotSystem\src\ParkingLotSystem.Core\Services\ParkingLotService.cs:line 38
   at ParkingLotSystem.Core.Services.ParkingLotService..ctor(Int32 smallSpaces, Int32 mediumSpaces, Int32 largeSpaces) in C:\repos\ParkingLotSystem\src\ParkingLotSystem.Core\Services\ParkingLotService.cs:line 29
   at ParkingLotSystem.Tests.ParkingLotServiceTests.CreateParkingLot(Int32 small, Int32 medium, Int32 large) in C:\repos\ParkingLotSystem\tests\ParkingLotSystem.Tests\ParkingLotServiceTests.cs:line 13
   at ParkingLotSystem.Tests.ParkingLotServiceTests.Motorcycle_CanParkInAnySpace() in C:\repos\ParkingLotSystem\tests\ParkingLotSystem.Tests\ParkingLotServiceTests.cs:line 256
   at System.RuntimeMethodHandle.InvokeMethod(Object target, Void** arguments, Signature sig, Boolean isConstructor)
   at System.Reflection.MethodBaseInvoker.InvokeWithNoArgs(Object obj, BindingFlags invokeAttr)</failure>
    </testcase>
    <testcase classname="ParkingLotSystem.Tests.ParkingLotServiceTests" name="FindVehicleByLicensePlate_WhenNotExists_ShouldReturnNull" time="0.0002036">
      <failure type="failure" message="System.NotImplementedException : The method or operation is not implemented.">at ParkingLotSystem.Core.Services.ParkingLotService.InitializeParkingSpaces(Int32 smallSpaces, Int32 mediumSpaces, Int32 largeSpaces) in C:\repos\ParkingLotSystem\src\ParkingLotSystem.Core\Services\ParkingLotService.cs:line 38
   at ParkingLotSystem.Core.Services.ParkingLotService..ctor(Int32 smallSpaces, Int32 mediumSpaces, Int32 largeSpaces) in C:\repos\ParkingLotSystem\src\ParkingLotSystem.Core\Services\ParkingLotService.cs:line 29
   at ParkingLotSystem.Tests.ParkingLotServiceTests.CreateParkingLot(Int32 small, Int32 medium, Int32 large) in C:\repos\ParkingLotSystem\tests\ParkingLotSystem.Tests\ParkingLotServiceTests.cs:line 13
   at ParkingLotSystem.Tests.ParkingLotServiceTests.FindVehicleByLicensePlate_WhenNotExists_ShouldReturnNull() in C:\repos\ParkingLotSystem\tests\ParkingLotSystem.Tests\ParkingLotServiceTests.cs:line 182
   at System.RuntimeMethodHandle.InvokeMethod(Object target, Void** arguments, Signature sig, Boolean isConstructor)
   at System.Reflection.MethodBaseInvoker.InvokeWithNoArgs(Object obj, BindingFlags invokeAttr)</failure>
    </testcase>
    <testcase classname="ParkingLotSystem.Tests.ParkingLotServiceTests" name="IsFull_WhenCompletelyFull_ShouldReturnTrue" time="0.0002755">
      <failure type="failure" message="System.NotImplementedException : The method or operation is not implemented.">at ParkingLotSystem.Core.Services.ParkingLotService.InitializeParkingSpaces(Int32 smallSpaces, Int32 mediumSpaces, Int32 largeSpaces) in C:\repos\ParkingLotSystem\src\ParkingLotSystem.Core\Services\ParkingLotService.cs:line 38
   at ParkingLotSystem.Core.Services.ParkingLotService..ctor(Int32 smallSpaces, Int32 mediumSpaces, Int32 largeSpaces) in C:\repos\ParkingLotSystem\src\ParkingLotSystem.Core\Services\ParkingLotService.cs:line 29
   at ParkingLotSystem.Tests.ParkingLotServiceTests.CreateParkingLot(Int32 small, Int32 medium, Int32 large) in C:\repos\ParkingLotSystem\tests\ParkingLotSystem.Tests\ParkingLotServiceTests.cs:line 13
   at ParkingLotSystem.Tests.ParkingLotServiceTests.IsFull_WhenCompletelyFull_ShouldReturnTrue() in C:\repos\ParkingLotSystem\tests\ParkingLotSystem.Tests\ParkingLotServiceTests.cs:line 153
   at System.RuntimeMethodHandle.InvokeMethod(Object target, Void** arguments, Signature sig, Boolean isConstructor)
   at System.Reflection.MethodBaseInvoker.InvokeWithNoArgs(Object obj, BindingFlags invokeAttr)</failure>
    </testcase>
    <testcase classname="ParkingLotSystem.Tests.ParkingSpaceTests" name="ParkingSpace_Constructor_ShouldInitializeCorrectly" time="0.0055137" />
    <testcase classname="ParkingLotSystem.Tests.ParkingSpaceTests" name="CanFitVehicle_Truck_ShouldOnlyFitInLarge" time="0.0001775">
      <failure type="failure" message="System.NotImplementedException : The method or operation is not implemented.">at ParkingLotSystem.Core.Models.Vehicle..ctor(String licensePlate, VehicleType type) in C:\repos\ParkingLotSystem\src\ParkingLotSystem.Core\Models\Vehicle.cs:line 14
   at ParkingLotSystem.Core.Models.Truck..ctor(String licensePlate) in C:\repos\ParkingLotSystem\src\ParkingLotSystem.Core\Models\Vehicle.cs:line 51
   at ParkingLotSystem.Tests.ParkingSpaceTests.CanFitVehicle_Truck_ShouldOnlyFitInLarge() in C:\repos\ParkingLotSystem\tests\ParkingLotSystem.Tests\ParkingSpaceTests.cs:line 119
   at System.RuntimeMethodHandle.InvokeMethod(Object target, Void** arguments, Signature sig, Boolean isConstructor)
   at System.Reflection.MethodBaseInvoker.InvokeWithNoArgs(Object obj, BindingFlags invokeAttr)</failure>
    </testcase>
    <testcase classname="ParkingLotSystem.Tests.ParkingSpaceTests" name="CanFitVehicle_OccupiedSpace_ShouldReturnFalse" time="0.0001368">
      <failure type="failure" message="System.NotImplementedException : The method or operation is not implemented.">at ParkingLotSystem.Core.Models.Vehicle..ctor(String licensePlate, VehicleType type) in C:\repos\ParkingLotSystem\src\ParkingLotSystem.Core\Models\Vehicle.cs:line 14
   at ParkingLotSystem.Core.Models.Car..ctor(String licensePlate) in C:\repos\ParkingLotSystem\src\ParkingLotSystem.Core\Models\Vehicle.cs:line 36
   at ParkingLotSystem.Tests.ParkingSpaceTests.CanFitVehicle_OccupiedSpace_ShouldReturnFalse() in C:\repos\ParkingLotSystem\tests\ParkingLotSystem.Tests\ParkingSpaceTests.cs:line 132
   at System.RuntimeMethodHandle.InvokeMethod(Object target, Void** arguments, Signature sig, Boolean isConstructor)
   at System.Reflection.MethodBaseInvoker.InvokeWithNoArgs(Object obj, BindingFlags invokeAttr)</failure>
    </testcase>
    <system-out>
Test Framework Informational Messages:
[xUnit.net 00:00:00.00] xUnit.net VSTest Adapter v2.8.2+699d445a1a (64-bit .NET 8.0.19)
[xUnit.net 00:00:00.08]   Discovering: ParkingLotSystem.Tests
[xUnit.net 00:00:00.12]   Discovered:  ParkingLotSystem.Tests
[xUnit.net 00:00:00.12]   Starting:    ParkingLotSystem.Tests
[xUnit.net 00:00:00.19]       System.NotImplementedException : The method or operation is not implemented.
[xUnit.net 00:00:00.19]       Stack Trace:
[xUnit.net 00:00:00.19]         C:\repos\ParkingLotSystem\src\ParkingLotSystem.Core\Models\Vehicle.cs(14,0): at ParkingLotSystem.Core.Models.Vehicle..ctor(String licensePlate, VehicleType type)
[xUnit.net 00:00:00.19]         C:\repos\ParkingLotSystem\src\ParkingLotSystem.Core\Models\Vehicle.cs(51,0): at ParkingLotSystem.Core.Models.Truck..ctor(String licensePlate)
[xUnit.net 00:00:00.19]         C:\repos\ParkingLotSystem\tests\ParkingLotSystem.Tests\VehicleTests.cs(45,0): at ParkingLotSystem.Tests.VehicleTests.Truck_GetCompatibleSpaceSizes_ShouldReturnOnlyLarge()
[xUnit.net 00:00:00.19]            at System.RuntimeMethodHandle.InvokeMethod(Object target, Void** arguments, Signature sig, Boolean isConstructor)
[xUnit.net 00:00:00.19]            at System.Reflection.MethodBaseInvoker.InvokeWithNoArgs(Object obj, BindingFlags invokeAttr)
[xUnit.net 00:00:00.19]       System.NotImplementedException : The method or operation is not implemented.
[xUnit.net 00:00:00.19]       Stack Trace:
[xUnit.net 00:00:00.19]         C:\repos\ParkingLotSystem\src\ParkingLotSystem.Core\Models\ParkingTicket.cs(14,0): at ParkingLotSystem.Core.Models.ParkingTicket..ctor(String ticketId, String licensePlate, String spaceId, DateTime entryTime)
[xUnit.net 00:00:00.19]         C:\repos\ParkingLotSystem\tests\ParkingLotSystem.Tests\FeeCalculationTests.cs(116,0): at ParkingLotSystem.Tests.FeeCalculationTests.ParkingTicket_CalculateFee_ZeroDuration_ShouldChargeMinimum()
[xUnit.net 00:00:00.19]            at System.RuntimeMethodHandle.InvokeMethod(Object target, Void** arguments, Signature sig, Boolean isConstructor)
[xUnit.net 00:00:00.19]            at System.Reflection.MethodBaseInvoker.InvokeWithNoArgs(Object obj, BindingFlags invokeAttr)
[xUnit.net 00:00:00.19]       Assert.Throws() Failure: Exception type was not an exact match
[xUnit.net 00:00:00.19]       Expected: typeof(ParkingLotSystem.Core.Exceptions.ParkingException)
[xUnit.net 00:00:00.19]       Actual:   typeof(System.NotImplementedException)
[xUnit.net 00:00:00.19]       ---- System.NotImplementedException : The method or operation is not implemented.
[xUnit.net 00:00:00.19]       Stack Trace:
[xUnit.net 00:00:00.19]         C:\repos\ParkingLotSystem\tests\ParkingLotSystem.Tests\ParkingSpaceTests.cs(79,0): at ParkingLotSystem.Tests.ParkingSpaceTests.RemoveVehicle_FromEmptySpace_ShouldThrowException()
[xUnit.net 00:00:00.19]            at System.RuntimeMethodHandle.InvokeMethod(Object target, Void** arguments, Signature sig, Boolean isConstructor)
[xUnit.net 00:00:00.19]            at System.Reflection.MethodBaseInvoker.InvokeWithNoArgs(Object obj, BindingFlags invokeAttr)
[xUnit.net 00:00:00.19]         ----- Inner Stack Trace -----
[xUnit.net 00:00:00.19]         C:\repos\ParkingLotSystem\src\ParkingLotSystem.Core\Models\ParkingSpace.cs(33,0): at ParkingLotSystem.Core.Models.ParkingSpace.RemoveVehicle()
[xUnit.net 00:00:00.19]         C:\repos\ParkingLotSystem\tests\ParkingLotSystem.Tests\ParkingSpaceTests.cs(79,0): at ParkingLotSystem.Tests.ParkingSpaceTests.&lt;&gt;c__DisplayClass4_0.&lt;RemoveVehicle_FromEmptySpace_ShouldThrowException&gt;b__0()
[xUnit.net 00:00:00.19]       System.NotImplementedException : The method or operation is not implemented.
[xUnit.net 00:00:00.19]       Stack Trace:
[xUnit.net 00:00:00.19]         C:\repos\ParkingLotSystem\src\ParkingLotSystem.Core\Services\ParkingLotService.cs(38,0): at ParkingLotSystem.Core.Services.ParkingLotService.InitializeParkingSpaces(Int32 smallSpaces, Int32 mediumSpaces, Int32 largeSpaces)
[xUnit.net 00:00:00.19]         C:\repos\ParkingLotSystem\src\ParkingLotSystem.Core\Services\ParkingLotService.cs(29,0): at ParkingLotSystem.Core.Services.ParkingLotService..ctor(Int32 smallSpaces, Int32 mediumSpaces, Int32 largeSpaces)
[xUnit.net 00:00:00.19]         C:\repos\ParkingLotSystem\tests\ParkingLotSystem.Tests\ParkingLotServiceTests.cs(13,0): at ParkingLotSystem.Tests.ParkingLotServiceTests.CreateParkingLot(Int32 small, Int32 medium, Int32 large)
[xUnit.net 00:00:00.19]         C:\repos\ParkingLotSystem\tests\ParkingLotSystem.Tests\ParkingLotServiceTests.cs(126,0): at ParkingLotSystem.Tests.ParkingLotServiceTests.GetAvailableSpaces_AfterParking_ShouldUpdateCounts()
[xUnit.net 00:00:00.19]            at System.RuntimeMethodHandle.InvokeMethod(Object target, Void** arguments, Signature sig, Boolean isConstructor)
[xUnit.net 00:00:00.19]            at System.Reflection.MethodBaseInvoker.InvokeWithNoArgs(Object obj, BindingFlags invokeAttr)
[xUnit.net 00:00:00.19]       System.NotImplementedException : The method or operation is not implemented.
[xUnit.net 00:00:00.19]       Stack Trace:
[xUnit.net 00:00:00.19]         C:\repos\ParkingLotSystem\src\ParkingLotSystem.Core\Services\ParkingLotService.cs(38,0): at ParkingLotSystem.Core.Services.ParkingLotService.InitializeParkingSpaces(Int32 smallSpaces, Int32 mediumSpaces, Int32 largeSpaces)
[xUnit.net 00:00:00.19]         C:\repos\ParkingLotSystem\src\ParkingLotSystem.Core\Services\ParkingLotService.cs(29,0): at ParkingLotSystem.Core.Services.ParkingLotService..ctor(Int32 smallSpaces, Int32 mediumSpaces, Int32 largeSpaces)
[xUnit.net 00:00:00.19]         C:\repos\ParkingLotSystem\tests\ParkingLotSystem.Tests\ParkingLotServiceTests.cs(13,0): at ParkingLotSystem.Tests.ParkingLotServiceTests.CreateParkingLot(Int32 small, Int32 medium, Int32 large)
[xUnit.net 00:00:00.19]         C:\repos\ParkingLotSystem\tests\ParkingLotSystem.Tests\ParkingLotServiceTests.cs(228,0): at ParkingLotSystem.Tests.ParkingLotServiceTests.GetTotalCapacity_ShouldReturnCorrectTotal()
[xUnit.net 00:00:00.19]            at System.RuntimeMethodHandle.InvokeMethod(Object target, Void** arguments, Signature sig, Boolean isConstructor)
[xUnit.net 00:00:00.19]            at System.Reflection.MethodBaseInvoker.InvokeWithNoArgs(Object obj, BindingFlags invokeAttr)
[xUnit.net 00:00:00.20]       System.NotImplementedException : The method or operation is not implemented.
[xUnit.net 00:00:00.20]       Stack Trace:
[xUnit.net 00:00:00.20]         C:\repos\ParkingLotSystem\src\ParkingLotSystem.Core\Models\Vehicle.cs(14,0): at ParkingLotSystem.Core.Models.Vehicle..ctor(String licensePlate, VehicleType type)
[xUnit.net 00:00:00.20]         C:\repos\ParkingLotSystem\src\ParkingLotSystem.Core\Models\Vehicle.cs(36,0): at ParkingLotSystem.Core.Models.Car..ctor(String licensePlate)
[xUnit.net 00:00:00.20]         C:\repos\ParkingLotSystem\tests\ParkingLotSystem.Tests\ParkingSpaceTests.cs(104,0): at ParkingLotSystem.Tests.ParkingSpaceTests.CanFitVehicle_Car_ShouldOnlyFitInMediumOrLarge()
[xUnit.net 00:00:00.20]            at System.RuntimeMethodHandle.InvokeMethod(Object target, Void** arguments, Signature sig, Boolean isConstructor)
[xUnit.net 00:00:00.20]            at System.Reflection.MethodBaseInvoker.InvokeWithNoArgs(Object obj, BindingFlags invokeAttr)
[xUnit.net 00:00:00.22]       System.NotImplementedException : The method or operation is not implemented.
[xUnit.net 00:00:00.22]       Stack Trace:
[xUnit.net 00:00:00.22]         C:\repos\ParkingLotSystem\src\ParkingLotSystem.Core\Models\ParkingTicket.cs(14,0): at ParkingLotSystem.Core.Models.ParkingTicket..ctor(String ticketId, String licensePlate, String spaceId, DateTime entryTime)
[xUnit.net 00:00:00.22]         C:\repos\ParkingLotSystem\tests\ParkingLotSystem.Tests\FeeCalculationTests.cs(31,0): at ParkingLotSystem.Tests.FeeCalculationTests.ParkingTicket_CalculateFee_ShouldRoundUpPartialHours()
[xUnit.net 00:00:00.22]            at System.RuntimeMethodHandle.InvokeMethod(Object target, Void** arguments, Signature sig, Boolean isConstructor)
[xUnit.net 00:00:00.22]            at System.Reflection.MethodBaseInvoker.InvokeWithNoArgs(Object obj, BindingFlags invokeAttr)
[xUnit.net 00:00:00.22]       Assert.Throws() Failure: Exception type was not an exact match
[xUnit.net 00:00:00.22]       Expected: typeof(System.ArgumentException)
[xUnit.net 00:00:00.22]       Actual:   typeof(System.NotImplementedException)
[xUnit.net 00:00:00.22]       ---- System.NotImplementedException : The method or operation is not implemented.
[xUnit.net 00:00:00.22]       Stack Trace:
[xUnit.net 00:00:00.22]         C:\repos\ParkingLotSystem\tests\ParkingLotSystem.Tests\VehicleTests.cs(80,0): at ParkingLotSystem.Tests.VehicleTests.Vehicle_Constructor_WithEmptyLicensePlate_ShouldThrowException()
[xUnit.net 00:00:00.22]            at System.RuntimeMethodHandle.InvokeMethod(Object target, Void** arguments, Signature sig, Boolean isConstructor)
[xUnit.net 00:00:00.22]            at System.Reflection.MethodBaseInvoker.InvokeWithNoArgs(Object obj, BindingFlags invokeAttr)
[xUnit.net 00:00:00.22]         ----- Inner Stack Trace -----
[xUnit.net 00:00:00.22]         C:\repos\ParkingLotSystem\src\ParkingLotSystem.Core\Models\Vehicle.cs(14,0): at ParkingLotSystem.Core.Models.Vehicle..ctor(String licensePlate, VehicleType type)
[xUnit.net 00:00:00.22]         C:\repos\ParkingLotSystem\src\ParkingLotSystem.Core\Models\Vehicle.cs(23,0): at ParkingLotSystem.Core.Models.Motorcycle..ctor(String licensePlate)
[xUnit.net 00:00:00.22]         C:\repos\ParkingLotSystem\tests\ParkingLotSystem.Tests\VehicleTests.cs(80,0): at ParkingLotSystem.Tests.VehicleTests.&lt;&gt;c.&lt;Vehicle_Constructor_WithEmptyLicensePlate_ShouldThrowException&gt;b__4_0()
[xUnit.net 00:00:00.23]       System.NotImplementedException : The method or operation is not implemented.
[xUnit.net 00:00:00.23]       Stack Trace:
[xUnit.net 00:00:00.23]         C:\repos\ParkingLotSystem\src\ParkingLotSystem.Core\Models\Vehicle.cs(14,0): at ParkingLotSystem.Core.Models.Vehicle..ctor(String licensePlate, VehicleType type)
[xUnit.net 00:00:00.23]         C:\repos\ParkingLotSystem\src\ParkingLotSystem.Core\Models\Vehicle.cs(23,0): at ParkingLotSystem.Core.Models.Motorcycle..ctor(String licensePlate)
[xUnit.net 00:00:00.23]         C:\repos\ParkingLotSystem\tests\ParkingLotSystem.Tests\ParkingSpaceTests.cs(89,0): at ParkingLotSystem.Tests.ParkingSpaceTests.CanFitVehicle_Motorcycle_ShouldFitInAnySpace()
[xUnit.net 00:00:00.23]            at System.RuntimeMethodHandle.InvokeMethod(Object target, Void** arguments, Signature sig, Boolean isConstructor)
[xUnit.net 00:00:00.23]            at System.Reflection.MethodBaseInvoker.InvokeWithNoArgs(Object obj, BindingFlags invokeAttr)
[xUnit.net 00:00:00.23]       System.NotImplementedException : The method or operation is not implemented.
[xUnit.net 00:00:00.23]       Stack Trace:
[xUnit.net 00:00:00.23]         C:\repos\ParkingLotSystem\src\ParkingLotSystem.Core\Services\ParkingLotService.cs(38,0): at ParkingLotSystem.Core.Services.ParkingLotService.InitializeParkingSpaces(Int32 smallSpaces, Int32 mediumSpaces, Int32 largeSpaces)
[xUnit.net 00:00:00.23]         C:\repos\ParkingLotSystem\src\ParkingLotSystem.Core\Services\ParkingLotService.cs(29,0): at ParkingLotSystem.Core.Services.ParkingLotService..ctor(Int32 smallSpaces, Int32 mediumSpaces, Int32 largeSpaces)
[xUnit.net 00:00:00.23]         C:\repos\ParkingLotSystem\tests\ParkingLotSystem.Tests\ParkingLotServiceTests.cs(13,0): at ParkingLotSystem.Tests.ParkingLotServiceTests.CreateParkingLot(Int32 small, Int32 medium, Int32 large)
[xUnit.net 00:00:00.23]         C:\repos\ParkingLotSystem\tests\ParkingLotSystem.Tests\ParkingLotServiceTests.cs(195,0): at ParkingLotSystem.Tests.ParkingLotServiceTests.GetAllVehiclesOfType_ShouldReturnCorrectVehicles()
[xUnit.net 00:00:00.23]            at System.RuntimeMethodHandle.InvokeMethod(Object target, Void** arguments, Signature sig, Boolean isConstructor)
[xUnit.net 00:00:00.23]            at System.Reflection.MethodBaseInvoker.InvokeWithNoArgs(Object obj, BindingFlags invokeAttr)
[xUnit.net 00:00:00.23]       System.NotImplementedException : The method or operation is not implemented.
[xUnit.net 00:00:00.23]       Stack Trace:
[xUnit.net 00:00:00.23]         C:\repos\ParkingLotSystem\src\ParkingLotSystem.Core\Services\ParkingLotService.cs(38,0): at ParkingLotSystem.Core.Services.ParkingLotService.InitializeParkingSpaces(Int32 smallSpaces, Int32 mediumSpaces, Int32 largeSpaces)
[xUnit.net 00:00:00.23]         C:\repos\ParkingLotSystem\src\ParkingLotSystem.Core\Services\ParkingLotService.cs(29,0): at ParkingLotSystem.Core.Services.ParkingLotService..ctor(Int32 smallSpaces, Int32 mediumSpaces, Int32 largeSpaces)
[xUnit.net 00:00:00.23]         C:\repos\ParkingLotSystem\tests\ParkingLotSystem.Tests\FeeCalculationTests.cs(105,0): at ParkingLotSystem.Tests.FeeCalculationTests.CalculateParkingFee_InvalidTicket_ShouldThrowException()
[xUnit.net 00:00:00.23]            at System.RuntimeMethodHandle.InvokeMethod(Object target, Void** arguments, Signature sig, Boolean isConstructor)
[xUnit.net 00:00:00.23]            at System.Reflection.MethodBaseInvoker.InvokeWithNoArgs(Object obj, BindingFlags invokeAttr)
[xUnit.net 00:00:00.23]       System.NotImplementedException : The method or operation is not implemented.
[xUnit.net 00:00:00.23]       Stack Trace:
[xUnit.net 00:00:00.23]         C:\repos\ParkingLotSystem\src\ParkingLotSystem.Core\Models\Vehicle.cs(14,0): at ParkingLotSystem.Core.Models.Vehicle..ctor(String licensePlate, VehicleType type)
[xUnit.net 00:00:00.23]         C:\repos\ParkingLotSystem\src\ParkingLotSystem.Core\Models\Vehicle.cs(23,0): at ParkingLotSystem.Core.Models.Motorcycle..ctor(String licensePlate)
[xUnit.net 00:00:00.23]         C:\repos\ParkingLotSystem\tests\ParkingLotSystem.Tests\VehicleTests.cs(61,0): at ParkingLotSystem.Tests.VehicleTests.Vehicle_Constructor_ShouldSetProperties()
[xUnit.net 00:00:00.23]            at System.RuntimeMethodHandle.InvokeMethod(Object target, Void** arguments, Signature sig, Boolean isConstructor)
[xUnit.net 00:00:00.23]            at System.Reflection.MethodBaseInvoker.InvokeWithNoArgs(Object obj, BindingFlags invokeAttr)
[xUnit.net 00:00:00.23]       System.NotImplementedException : The method or operation is not implemented.
[xUnit.net 00:00:00.23]       Stack Trace:
[xUnit.net 00:00:00.23]         C:\repos\ParkingLotSystem\src\ParkingLotSystem.Core\Models\Vehicle.cs(14,0): at ParkingLotSystem.Core.Models.Vehicle..ctor(String licensePlate, VehicleType type)
[xUnit.net 00:00:00.23]         C:\repos\ParkingLotSystem\src\ParkingLotSystem.Core\Models\Vehicle.cs(51,0): at ParkingLotSystem.Core.Models.Truck..ctor(String licensePlate)
[xUnit.net 00:00:00.23]         C:\repos\ParkingLotSystem\tests\ParkingLotSystem.Tests\ParkingSpaceTests.cs(44,0): at ParkingLotSystem.Tests.ParkingSpaceTests.ParkVehicle_InOccupiedSpace_ShouldThrowException()
[xUnit.net 00:00:00.23]            at System.RuntimeMethodHandle.InvokeMethod(Object target, Void** arguments, Signature sig, Boolean isConstructor)
[xUnit.net 00:00:00.23]            at System.Reflection.MethodBaseInvoker.InvokeWithNoArgs(Object obj, BindingFlags invokeAttr)
[xUnit.net 00:00:00.23]       System.NotImplementedException : The method or operation is not implemented.
[xUnit.net 00:00:00.23]       Stack Trace:
[xUnit.net 00:00:00.23]         C:\repos\ParkingLotSystem\src\ParkingLotSystem.Core\Services\ParkingLotService.cs(38,0): at ParkingLotSystem.Core.Services.ParkingLotService.InitializeParkingSpaces(Int32 smallSpaces, Int32 mediumSpaces, Int32 largeSpaces)
[xUnit.net 00:00:00.23]         C:\repos\ParkingLotSystem\src\ParkingLotSystem.Core\Services\ParkingLotService.cs(29,0): at ParkingLotSystem.Core.Services.ParkingLotService..ctor(Int32 smallSpaces, Int32 mediumSpaces, Int32 largeSpaces)
[xUnit.net 00:00:00.23]         C:\repos\ParkingLotSystem\tests\ParkingLotSystem.Tests\ParkingLotServiceTests.cs(13,0): at ParkingLotSystem.Tests.ParkingLotServiceTests.CreateParkingLot(Int32 small, Int32 medium, Int32 large)
[xUnit.net 00:00:00.23]         C:\repos\ParkingLotSystem\tests\ParkingLotSystem.Tests\ParkingLotServiceTests.cs(212,0): at ParkingLotSystem.Tests.ParkingLotServiceTests.GetOccupancyRate_ShouldCalculateCorrectly()
[xUnit.net 00:00:00.23]            at System.RuntimeMethodHandle.InvokeMethod(Object target, Void** arguments, Signature sig, Boolean isConstructor)
[xUnit.net 00:00:00.23]            at System.Reflection.MethodBaseInvoker.InvokeWithNoArgs(Object obj, BindingFlags invokeAttr)
[xUnit.net 00:00:00.23]       System.NotImplementedException : The method or operation is not implemented.
[xUnit.net 00:00:00.23]       Stack Trace:
[xUnit.net 00:00:00.23]         C:\repos\ParkingLotSystem\src\ParkingLotSystem.Core\Models\Vehicle.cs(14,0): at ParkingLotSystem.Core.Models.Vehicle..ctor(String licensePlate, VehicleType type)
[xUnit.net 00:00:00.23]         C:\repos\ParkingLotSystem\src\ParkingLotSystem.Core\Models\Vehicle.cs(36,0): at ParkingLotSystem.Core.Models.Car..ctor(String licensePlate)
[xUnit.net 00:00:00.23]         C:\repos\ParkingLotSystem\tests\ParkingLotSystem.Tests\VehicleTests.cs(29,0): at ParkingLotSystem.Tests.VehicleTests.Car_GetCompatibleSpaceSizes_ShouldReturnMediumAndLarge()
[xUnit.net 00:00:00.23]            at System.RuntimeMethodHandle.InvokeMethod(Object target, Void** arguments, Signature sig, Boolean isConstructor)
[xUnit.net 00:00:00.23]            at System.Reflection.MethodBaseInvoker.InvokeWithNoArgs(Object obj, BindingFlags invokeAttr)
[xUnit.net 00:00:00.23]       System.NotImplementedException : The method or operation is not implemented.
[xUnit.net 00:00:00.23]       Stack Trace:
[xUnit.net 00:00:00.23]         C:\repos\ParkingLotSystem\src\ParkingLotSystem.Core\Models\Vehicle.cs(14,0): at ParkingLotSystem.Core.Models.Vehicle..ctor(String licensePlate, VehicleType type)
[xUnit.net 00:00:00.23]         C:\repos\ParkingLotSystem\src\ParkingLotSystem.Core\Models\Vehicle.cs(36,0): at ParkingLotSystem.Core.Models.Car..ctor(String licensePlate)
[xUnit.net 00:00:00.23]         C:\repos\ParkingLotSystem\tests\ParkingLotSystem.Tests\ParkingSpaceTests.cs(28,0): at ParkingLotSystem.Tests.ParkingSpaceTests.ParkVehicle_InEmptySpace_ShouldSucceed()
[xUnit.net 00:00:00.23]            at System.RuntimeMethodHandle.InvokeMethod(Object target, Void** arguments, Signature sig, Boolean isConstructor)
[xUnit.net 00:00:00.23]            at System.Reflection.MethodBaseInvoker.InvokeWithNoArgs(Object obj, BindingFlags invokeAttr)
[xUnit.net 00:00:00.23]       System.NotImplementedException : The method or operation is not implemented.
[xUnit.net 00:00:00.23]       Stack Trace:
[xUnit.net 00:00:00.23]         C:\repos\ParkingLotSystem\src\ParkingLotSystem.Core\Models\ParkingTicket.cs(14,0): at ParkingLotSystem.Core.Models.ParkingTicket..ctor(String ticketId, String licensePlate, String spaceId, DateTime entryTime)
[xUnit.net 00:00:00.23]         C:\repos\ParkingLotSystem\tests\ParkingLotSystem.Tests\FeeCalculationTests.cs(131,0): at ParkingLotSystem.Tests.FeeCalculationTests.ParkingTicket_CalculateFee_ExactHours_ShouldNotRoundUp()
[xUnit.net 00:00:00.23]            at System.RuntimeMethodHandle.InvokeMethod(Object target, Void** arguments, Signature sig, Boolean isConstructor)
[xUnit.net 00:00:00.23]            at System.Reflection.MethodBaseInvoker.InvokeWithNoArgs(Object obj, BindingFlags invokeAttr)
[xUnit.net 00:00:00.23]       System.NotImplementedException : The method or operation is not implemented.
[xUnit.net 00:00:00.23]       Stack Trace:
[xUnit.net 00:00:00.23]         C:\repos\ParkingLotSystem\src\ParkingLotSystem.Core\Services\ParkingLotService.cs(38,0): at ParkingLotSystem.Core.Services.ParkingLotService.InitializeParkingSpaces(Int32 smallSpaces, Int32 mediumSpaces, Int32 largeSpaces)
[xUnit.net 00:00:00.23]         C:\repos\ParkingLotSystem\src\ParkingLotSystem.Core\Services\ParkingLotService.cs(29,0): at ParkingLotSystem.Core.Services.ParkingLotService..ctor(Int32 smallSpaces, Int32 mediumSpaces, Int32 largeSpaces)
[xUnit.net 00:00:00.23]         C:\repos\ParkingLotSystem\tests\ParkingLotSystem.Tests\ParkingLotServiceTests.cs(13,0): at ParkingLotSystem.Tests.ParkingLotServiceTests.CreateParkingLot(Int32 small, Int32 medium, Int32 large)
[xUnit.net 00:00:00.23]         C:\repos\ParkingLotSystem\tests\ParkingLotSystem.Tests\ParkingLotServiceTests.cs(101,0): at ParkingLotSystem.Tests.ParkingLotServiceTests.UnparkVehicle_InvalidTicket_ShouldThrowException()
[xUnit.net 00:00:00.23]            at System.RuntimeMethodHandle.InvokeMethod(Object target, Void** arguments, Signature sig, Boolean isConstructor)
[xUnit.net 00:00:00.23]            at System.Reflection.MethodBaseInvoker.InvokeWithNoArgs(Object obj, BindingFlags invokeAttr)
[xUnit.net 00:00:00.23]       System.NotImplementedException : The method or operation is not implemented.
[xUnit.net 00:00:00.23]       Stack Trace:
[xUnit.net 00:00:00.23]         C:\repos\ParkingLotSystem\src\ParkingLotSystem.Core\Models\Vehicle.cs(14,0): at ParkingLotSystem.Core.Models.Vehicle..ctor(String licensePlate, VehicleType type)
[xUnit.net 00:00:00.23]         C:\repos\ParkingLotSystem\src\ParkingLotSystem.Core\Models\Vehicle.cs(23,0): at ParkingLotSystem.Core.Models.Motorcycle..ctor(String licensePlate)
[xUnit.net 00:00:00.23]         C:\repos\ParkingLotSystem\tests\ParkingLotSystem.Tests\ParkingSpaceTests.cs(59,0): at ParkingLotSystem.Tests.ParkingSpaceTests.RemoveVehicle_FromOccupiedSpace_ShouldReturnVehicle()
[xUnit.net 00:00:00.23]            at System.RuntimeMethodHandle.InvokeMethod(Object target, Void** arguments, Signature sig, Boolean isConstructor)
[xUnit.net 00:00:00.23]            at System.Reflection.MethodBaseInvoker.InvokeWithNoArgs(Object obj, BindingFlags invokeAttr)
[xUnit.net 00:00:00.23]       System.NotImplementedException : The method or operation is not implemented.
[xUnit.net 00:00:00.23]       Stack Trace:
[xUnit.net 00:00:00.23]         C:\repos\ParkingLotSystem\src\ParkingLotSystem.Core\Services\ParkingLotService.cs(38,0): at ParkingLotSystem.Core.Services.ParkingLotService.InitializeParkingSpaces(Int32 smallSpaces, Int32 mediumSpaces, Int32 largeSpaces)
[xUnit.net 00:00:00.23]         C:\repos\ParkingLotSystem\src\ParkingLotSystem.Core\Services\ParkingLotService.cs(29,0): at ParkingLotSystem.Core.Services.ParkingLotService..ctor(Int32 smallSpaces, Int32 mediumSpaces, Int32 largeSpaces)
[xUnit.net 00:00:00.23]         C:\repos\ParkingLotSystem\tests\ParkingLotSystem.Tests\ParkingLotServiceTests.cs(13,0): at ParkingLotSystem.Tests.ParkingLotServiceTests.CreateParkingLot(Int32 small, Int32 medium, Int32 large)
[xUnit.net 00:00:00.23]         C:\repos\ParkingLotSystem\tests\ParkingLotSystem.Tests\ParkingLotServiceTests.cs(111,0): at ParkingLotSystem.Tests.ParkingLotServiceTests.GetAvailableSpaces_ShouldReturnCorrectCounts()
[xUnit.net 00:00:00.23]            at System.RuntimeMethodHandle.InvokeMethod(Object target, Void** arguments, Signature sig, Boolean isConstructor)
[xUnit.net 00:00:00.23]            at System.Reflection.MethodBaseInvoker.InvokeWithNoArgs(Object obj, BindingFlags invokeAttr)
[xUnit.net 00:00:00.23]       System.NotImplementedException : The method or operation is not implemented.
[xUnit.net 00:00:00.23]       Stack Trace:
[xUnit.net 00:00:00.23]         C:\repos\ParkingLotSystem\src\ParkingLotSystem.Core\Services\ParkingLotService.cs(38,0): at ParkingLotSystem.Core.Services.ParkingLotService.InitializeParkingSpaces(Int32 smallSpaces, Int32 mediumSpaces, Int32 largeSpaces)
[xUnit.net 00:00:00.23]         C:\repos\ParkingLotSystem\src\ParkingLotSystem.Core\Services\ParkingLotService.cs(29,0): at ParkingLotSystem.Core.Services.ParkingLotService..ctor(Int32 smallSpaces, Int32 mediumSpaces, Int32 largeSpaces)
[xUnit.net 00:00:00.23]         C:\repos\ParkingLotSystem\tests\ParkingLotSystem.Tests\FeeCalculationTests.cs(90,0): at ParkingLotSystem.Tests.FeeCalculationTests.CalculateParkingFee_Truck_ShouldUseCorrectRate()
[xUnit.net 00:00:00.23]            at System.RuntimeMethodHandle.InvokeMethod(Object target, Void** arguments, Signature sig, Boolean isConstructor)
[xUnit.net 00:00:00.23]            at System.Reflection.MethodBaseInvoker.InvokeWithNoArgs(Object obj, BindingFlags invokeAttr)
[xUnit.net 00:00:00.23]       Assert.Throws() Failure: Exception type was not an exact match
[xUnit.net 00:00:00.23]       Expected: typeof(System.ArgumentNullException)
[xUnit.net 00:00:00.23]       Actual:   typeof(System.NotImplementedException)
[xUnit.net 00:00:00.23]       ---- System.NotImplementedException : The method or operation is not implemented.
[xUnit.net 00:00:00.23]       Stack Trace:
[xUnit.net 00:00:00.23]         C:\repos\ParkingLotSystem\tests\ParkingLotSystem.Tests\VehicleTests.cs(89,0): at ParkingLotSystem.Tests.VehicleTests.Vehicle_Constructor_WithNullLicensePlate_ShouldThrowException()
[xUnit.net 00:00:00.23]            at System.RuntimeMethodHandle.InvokeMethod(Object target, Void** arguments, Signature sig, Boolean isConstructor)
[xUnit.net 00:00:00.23]            at System.Reflection.MethodBaseInvoker.InvokeWithNoArgs(Object obj, BindingFlags invokeAttr)
[xUnit.net 00:00:00.23]         ----- Inner Stack Trace -----
[xUnit.net 00:00:00.23]         C:\repos\ParkingLotSystem\src\ParkingLotSystem.Core\Models\Vehicle.cs(14,0): at ParkingLotSystem.Core.Models.Vehicle..ctor(String licensePlate, VehicleType type)
[xUnit.net 00:00:00.23]         C:\repos\ParkingLotSystem\src\ParkingLotSystem.Core\Models\Vehicle.cs(23,0): at ParkingLotSystem.Core.Models.Motorcycle..ctor(String licensePlate)
[xUnit.net 00:00:00.23]         C:\repos\ParkingLotSystem\tests\ParkingLotSystem.Tests\VehicleTests.cs(89,0): at ParkingLotSystem.Tests.VehicleTests.&lt;&gt;c.&lt;Vehicle_Constructor_WithNullLicensePlate_ShouldThrowException&gt;b__5_0()
[xUnit.net 00:00:00.23]       System.NotImplementedException : The method or operation is not implemented.
[xUnit.net 00:00:00.23]       Stack Trace:
[xUnit.net 00:00:00.23]         C:\repos\ParkingLotSystem\src\ParkingLotSystem.Core\Services\ParkingLotService.cs(38,0): at ParkingLotSystem.Core.Services.ParkingLotService.InitializeParkingSpaces(Int32 smallSpaces, Int32 mediumSpaces, Int32 largeSpaces)
[xUnit.net 00:00:00.23]         C:\repos\ParkingLotSystem\src\ParkingLotSystem.Core\Services\ParkingLotService.cs(29,0): at ParkingLotSystem.Core.Services.ParkingLotService..ctor(Int32 smallSpaces, Int32 mediumSpaces, Int32 largeSpaces)
[xUnit.net 00:00:00.23]         C:\repos\ParkingLotSystem\tests\ParkingLotSystem.Tests\ParkingLotServiceTests.cs(13,0): at ParkingLotSystem.Tests.ParkingLotServiceTests.CreateParkingLot(Int32 small, Int32 medium, Int32 large)
[xUnit.net 00:00:00.23]         C:\repos\ParkingLotSystem\tests\ParkingLotSystem.Tests\ParkingLotServiceTests.cs(143,0): at ParkingLotSystem.Tests.ParkingLotServiceTests.IsFull_WhenNotFull_ShouldReturnFalse()
[xUnit.net 00:00:00.23]            at System.RuntimeMethodHandle.InvokeMethod(Object target, Void** arguments, Signature sig, Boolean isConstructor)
[xUnit.net 00:00:00.23]            at System.Reflection.MethodBaseInvoker.InvokeWithNoArgs(Object obj, BindingFlags invokeAttr)
[xUnit.net 00:00:00.23]       System.NotImplementedException : The method or operation is not implemented.
[xUnit.net 00:00:00.23]       Stack Trace:
[xUnit.net 00:00:00.23]         C:\repos\ParkingLotSystem\src\ParkingLotSystem.Core\Services\ParkingLotService.cs(38,0): at ParkingLotSystem.Core.Services.ParkingLotService.InitializeParkingSpaces(Int32 smallSpaces, Int32 mediumSpaces, Int32 largeSpaces)
[xUnit.net 00:00:00.23]         C:\repos\ParkingLotSystem\src\ParkingLotSystem.Core\Services\ParkingLotService.cs(29,0): at ParkingLotSystem.Core.Services.ParkingLotService..ctor(Int32 smallSpaces, Int32 mediumSpaces, Int32 largeSpaces)
[xUnit.net 00:00:00.23]         C:\repos\ParkingLotSystem\tests\ParkingLotSystem.Tests\FeeCalculationTests.cs(13,0): at ParkingLotSystem.Tests.FeeCalculationTests.CalculateParkingFee_Motorcycle_ShouldUseCorrectRate()
[xUnit.net 00:00:00.23]            at System.RuntimeMethodHandle.InvokeMethod(Object target, Void** arguments, Signature sig, Boolean isConstructor)
[xUnit.net 00:00:00.23]            at System.Reflection.MethodBaseInvoker.InvokeWithNoArgs(Object obj, BindingFlags invokeAttr)
[xUnit.net 00:00:00.24]       System.NotImplementedException : The method or operation is not implemented.
[xUnit.net 00:00:00.24]       Stack Trace:
[xUnit.net 00:00:00.24]         C:\repos\ParkingLotSystem\src\ParkingLotSystem.Core\Models\Vehicle.cs(14,0): at ParkingLotSystem.Core.Models.Vehicle..ctor(String licensePlate, VehicleType type)
[xUnit.net 00:00:00.24]         C:\repos\ParkingLotSystem\src\ParkingLotSystem.Core\Models\Vehicle.cs(23,0): at ParkingLotSystem.Core.Models.Motorcycle..ctor(String licensePlate)
[xUnit.net 00:00:00.24]         C:\repos\ParkingLotSystem\tests\ParkingLotSystem.Tests\VehicleTests.cs(13,0): at ParkingLotSystem.Tests.VehicleTests.Motorcycle_GetCompatibleSpaceSizes_ShouldReturnAllSizes()
[xUnit.net 00:00:00.24]            at System.RuntimeMethodHandle.InvokeMethod(Object target, Void** arguments, Signature sig, Boolean isConstructor)
[xUnit.net 00:00:00.24]            at System.Reflection.MethodBaseInvoker.InvokeWithNoArgs(Object obj, BindingFlags invokeAttr)
[xUnit.net 00:00:00.24]       System.NotImplementedException : The method or operation is not implemented.
[xUnit.net 00:00:00.24]       Stack Trace:
[xUnit.net 00:00:00.24]         C:\repos\ParkingLotSystem\src\ParkingLotSystem.Core\Services\ParkingLotService.cs(38,0): at ParkingLotSystem.Core.Services.ParkingLotService.InitializeParkingSpaces(Int32 smallSpaces, Int32 mediumSpaces, Int32 largeSpaces)
[xUnit.net 00:00:00.24]         C:\repos\ParkingLotSystem\src\ParkingLotSystem.Core\Services\ParkingLotService.cs(29,0): at ParkingLotSystem.Core.Services.ParkingLotService..ctor(Int32 smallSpaces, Int32 mediumSpaces, Int32 largeSpaces)
[xUnit.net 00:00:00.24]         C:\repos\ParkingLotSystem\tests\ParkingLotSystem.Tests\ParkingLotServiceTests.cs(13,0): at ParkingLotSystem.Tests.ParkingLotServiceTests.CreateParkingLot(Int32 small, Int32 medium, Int32 large)
[xUnit.net 00:00:00.24]         C:\repos\ParkingLotSystem\tests\ParkingLotSystem.Tests\ParkingLotServiceTests.cs(37,0): at ParkingLotSystem.Tests.ParkingLotServiceTests.ParkVehicle_Car_ShouldParkInMediumOrLargeSpace()
[xUnit.net 00:00:00.24]            at System.RuntimeMethodHandle.InvokeMethod(Object target, Void** arguments, Signature sig, Boolean isConstructor)
[xUnit.net 00:00:00.24]            at System.Reflection.MethodBaseInvoker.InvokeWithNoArgs(Object obj, BindingFlags invokeAttr)
[xUnit.net 00:00:00.24]       System.NotImplementedException : The method or operation is not implemented.
[xUnit.net 00:00:00.24]       Stack Trace:
[xUnit.net 00:00:00.24]         C:\repos\ParkingLotSystem\src\ParkingLotSystem.Core\Services\ParkingLotService.cs(38,0): at ParkingLotSystem.Core.Services.ParkingLotService.InitializeParkingSpaces(Int32 smallSpaces, Int32 mediumSpaces, Int32 largeSpaces)
[...]
[xUnit.net 00:00:00.24]         C:\repos\ParkingLotSystem\tests\ParkingLotSystem.Tests\ParkingLotServiceTests.cs(70,0): at ParkingLotSystem.Tests.ParkingLotServiceTests.ParkVehicle_WhenNoSpaceAvailable_ShouldThrowException()
[xUnit.net 00:00:00.24]            at System.RuntimeMethodHandle.InvokeMethod(Object target, Void** arguments, Signature sig, Boolean isConstructor)
[xUnit.net 00:00:00.24]            at System.Reflection.MethodBaseInvoker.InvokeWithNoArgs(Object obj, BindingFlags invokeAttr)
[xUnit.net 00:00:00.24]       System.NotImplementedException : The method or operation is not implemented.
[xUnit.net 00:00:00.24]       Stack Trace:
[xUnit.net 00:00:00.24]         C:\repos\ParkingLotSystem\src\ParkingLotSystem.Core\Models\ParkingTicket.cs(14,0): at ParkingLotSystem.Core.Models.ParkingTicket..ctor(String ticketId, String licensePlate, String spaceId, DateTime entryTime)
[xUnit.net 00:00:00.24]         C:\repos\ParkingLotSystem\tests\ParkingLotSystem.Tests\FeeCalculationTests.cs(46,0): at ParkingLotSystem.Tests.FeeCalculationTests.ParkingTicket_GetParkingDuration_WithoutExit_ShouldUseCurrentTime()
[xUnit.net 00:00:00.24]            at System.RuntimeMethodHandle.InvokeMethod(Object target, Void** arguments, Signature sig, Boolean isConstructor)
[xUnit.net 00:00:00.24]            at System.Reflection.MethodBaseInvoker.InvokeWithNoArgs(Object obj, BindingFlags invokeAttr)
[xUnit.net 00:00:00.24]       System.NotImplementedException : The method or operation is not implemented.
[xUnit.net 00:00:00.24]       Stack Trace:
[xUnit.net 00:00:00.24]         C:\repos\ParkingLotSystem\src\ParkingLotSystem.Core\Services\ParkingLotService.cs(38,0): at ParkingLotSystem.Core.Services.ParkingLotService.InitializeParkingSpaces(Int32 smallSpaces, Int32 mediumSpaces, Int32 largeSpaces)
[xUnit.net 00:00:00.24]         C:\repos\ParkingLotSystem\src\ParkingLotSystem.Core\Services\ParkingLotService.cs(29,0): at ParkingLotSystem.Core.Services.ParkingLotService..ctor(Int32 smallSpaces, Int32 mediumSpaces, Int32 largeSpaces)
[xUnit.net 00:00:00.24]         C:\repos\ParkingLotSystem\tests\ParkingLotSystem.Tests\ParkingLotServiceTests.cs(13,0): at ParkingLotSystem.Tests.ParkingLotServiceTests.CreateParkingLot(Int32 small, Int32 medium, Int32 large)
[xUnit.net 00:00:00.24]         C:\repos\ParkingLotSystem\tests\ParkingLotSystem.Tests\ParkingLotServiceTests.cs(271,0): at ParkingLotSystem.Tests.ParkingLotServiceTests.Car_CannotParkInSmallSpace()
[xUnit.net 00:00:00.24]            at System.RuntimeMethodHandle.InvokeMethod(Object target, Void** arguments, Signature sig, Boolean isConstructor)
[xUnit.net 00:00:00.24]            at System.Reflection.MethodBaseInvoker.InvokeWithNoArgs(Object obj, BindingFlags invokeAttr)
[xUnit.net 00:00:00.24]       System.NotImplementedException : The method or operation is not implemented.
[xUnit.net 00:00:00.24]       Stack Trace:
[xUnit.net 00:00:00.24]         C:\repos\ParkingLotSystem\src\ParkingLotSystem.Core\Services\ParkingLotService.cs(38,0): at ParkingLotSystem.Core.Services.ParkingLotService.InitializeParkingSpaces(Int32 smallSpaces, Int32 mediumSpaces, Int32 largeSpaces)
[xUnit.net 00:00:00.24]         C:\repos\ParkingLotSystem\src\ParkingLotSystem.Core\Services\ParkingLotService.cs(29,0): at ParkingLotSystem.Core.Services.ParkingLotService..ctor(Int32 smallSpaces, Int32 mediumSpaces, Int32 largeSpaces)
[xUnit.net 00:00:00.24]         C:\repos\ParkingLotSystem\tests\ParkingLotSystem.Tests\ParkingLotServiceTests.cs(13,0): at ParkingLotSystem.Tests.ParkingLotServiceTests.CreateParkingLot(Int32 small, Int32 medium, Int32 large)
[xUnit.net 00:00:00.24]         C:\repos\ParkingLotSystem\tests\ParkingLotSystem.Tests\ParkingLotServiceTests.cs(53,0): at ParkingLotSystem.Tests.ParkingLotServiceTests.ParkVehicle_Truck_ShouldOnlyParkInLargeSpace()
[xUnit.net 00:00:00.24]            at System.RuntimeMethodHandle.InvokeMethod(Object target, Void** arguments, Signature sig, Boolean isConstructor)
[xUnit.net 00:00:00.24]            at System.Reflection.MethodBaseInvoker.InvokeWithNoArgs(Object obj, BindingFlags invokeAttr)
[xUnit.net 00:00:00.25]       System.NotImplementedException : The method or operation is not implemented.
[xUnit.net 00:00:00.25]       Stack Trace:
[xUnit.net 00:00:00.25]         C:\repos\ParkingLotSystem\src\ParkingLotSystem.Core\Services\ParkingLotService.cs(38,0): at ParkingLotSystem.Core.Services.ParkingLotService.InitializeParkingSpaces(Int32 smallSpaces, Int32 mediumSpaces, Int32 largeSpaces)
[xUnit.net 00:00:00.25]         C:\repos\ParkingLotSystem\src\ParkingLotSystem.Core\Services\ParkingLotService.cs(29,0): at ParkingLotSystem.Core.Services.ParkingLotService..ctor(Int32 smallSpaces, Int32 mediumSpaces, Int32 largeSpaces)
[xUnit.net 00:00:00.25]         C:\repos\ParkingLotSystem\tests\ParkingLotSystem.Tests\ParkingLotServiceTests.cs(13,0): at ParkingLotSystem.Tests.ParkingLotServiceTests.CreateParkingLot(Int32 small, Int32 medium, Int32 large)
[xUnit.net 00:00:00.25]         C:\repos\ParkingLotSystem\tests\ParkingLotSystem.Tests\ParkingLotServiceTests.cs(241,0): at ParkingLotSystem.Tests.ParkingLotServiceTests.ParkVehicle_DuplicateLicensePlate_ShouldThrowException()
[xUnit.net 00:00:00.25]            at System.RuntimeMethodHandle.InvokeMethod(Object target, Void** arguments, Signature sig, Boolean isConstructor)
[xUnit.net 00:00:00.25]            at System.Reflection.MethodBaseInvoker.InvokeWithNoArgs(Object obj, BindingFlags invokeAttr)
[xUnit.net 00:00:00.25]       System.NotImplementedException : The method or operation is not implemented.
[xUnit.net 00:00:00.25]       Stack Trace:
[xUnit.net 00:00:00.25]         C:\repos\ParkingLotSystem\src\ParkingLotSystem.Core\Services\ParkingLotService.cs(38,0): at ParkingLotSystem.Core.Services.ParkingLotService.InitializeParkingSpaces(Int32 smallSpaces, Int32 mediumSpaces, Int32 largeSpaces)
[xUnit.net 00:00:00.25]         C:\repos\ParkingLotSystem\src\ParkingLotSystem.Core\Services\ParkingLotService.cs(29,0): at ParkingLotSystem.Core.Services.ParkingLotService..ctor(Int32 smallSpaces, Int32 mediumSpaces, Int32 largeSpaces)
[xUnit.net 00:00:00.25]         C:\repos\ParkingLotSystem\tests\ParkingLotSystem.Tests\ParkingLotServiceTests.cs(13,0): at ParkingLotSystem.Tests.ParkingLotServiceTests.CreateParkingLot(Int32 small, Int32 medium, Int32 large)
[xUnit.net 00:00:00.25]         C:\repos\ParkingLotSystem\tests\ParkingLotSystem.Tests\ParkingLotServiceTests.cs(166,0): at ParkingLotSystem.Tests.ParkingLotServiceTests.FindVehicleByLicensePlate_WhenExists_ShouldReturnVehicle()
[xUnit.net 00:00:00.25]            at System.RuntimeMethodHandle.InvokeMethod(Object target, Void** arguments, Signature sig, Boolean isConstructor)
[xUnit.net 00:00:00.25]            at System.Reflection.MethodBaseInvoker.InvokeWithNoArgs(Object obj, BindingFlags invokeAttr)
[xUnit.net 00:00:00.25]       System.NotImplementedException : The method or operation is not implemented.
[xUnit.net 00:00:00.25]       Stack Trace:
[xUnit.net 00:00:00.25]         C:\repos\ParkingLotSystem\src\ParkingLotSystem.Core\Services\ParkingLotService.cs(38,0): at ParkingLotSystem.Core.Services.ParkingLotService.InitializeParkingSpaces(Int32 smallSpaces, Int32 mediumSpaces, Int32 largeSpaces)
[xUnit.net 00:00:00.25]         C:\repos\ParkingLotSystem\src\ParkingLotSystem.Core\Services\ParkingLotService.cs(29,0): at ParkingLotSystem.Core.Services.ParkingLotService..ctor(Int32 smallSpaces, Int32 mediumSpaces, Int32 largeSpaces)
[xUnit.net 00:00:00.25]         C:\repos\ParkingLotSystem\tests\ParkingLotSystem.Tests\ParkingLotServiceTests.cs(13,0): at ParkingLotSystem.Tests.ParkingLotServiceTests.CreateParkingLot(Int32 small, Int32 medium, Int32 large)
[xUnit.net 00:00:00.25]         C:\repos\ParkingLotSystem\tests\ParkingLotSystem.Tests\ParkingLotServiceTests.cs(20,0): at ParkingLotSystem.Tests.ParkingLotServiceTests.ParkVehicle_Motorcycle_ShouldParkSuccessfully()
[xUnit.net 00:00:00.25]            at System.RuntimeMethodHandle.InvokeMethod(Object target, Void** arguments, Signature sig, Boolean isConstructor)
[xUnit.net 00:00:00.25]            at System.Reflection.MethodBaseInvoker.InvokeWithNoArgs(Object obj, BindingFlags invokeAttr)
[xUnit.net 00:00:00.25]       System.NotImplementedException : The method or operation is not implemented.
[xUnit.net 00:00:00.25]       Stack Trace:
[xUnit.net 00:00:00.25]         C:\repos\ParkingLotSystem\src\ParkingLotSystem.Core\Services\ParkingLotService.cs(38,0): at ParkingLotSystem.Core.Services.ParkingLotService.InitializeParkingSpaces(Int32 smallSpaces, Int32 mediumSpaces, Int32 largeSpaces)
[xUnit.net 00:00:00.25]         C:\repos\ParkingLotSystem\src\ParkingLotSystem.Core\Services\ParkingLotService.cs(29,0): at ParkingLotSystem.Core.Services.ParkingLotService..ctor(Int32 smallSpaces, Int32 mediumSpaces, Int32 largeSpaces)
[xUnit.net 00:00:00.25]         C:\repos\ParkingLotSystem\tests\ParkingLotSystem.Tests\ParkingLotServiceTests.cs(13,0): at ParkingLotSystem.Tests.ParkingLotServiceTests.CreateParkingLot(Int32 small, Int32 medium, Int32 large)
[xUnit.net 00:00:00.25]         C:\repos\ParkingLotSystem\tests\ParkingLotSystem.Tests\ParkingLotServiceTests.cs(256,0): at ParkingLotSystem.Tests.ParkingLotServiceTests.Motorcycle_CanParkInAnySpace()
[xUnit.net 00:00:00.25]            at System.RuntimeMethodHandle.InvokeMethod(Object target, Void** arguments, Signature sig, Boolean isConstructor)
[xUnit.net 00:00:00.25]            at System.Reflection.MethodBaseInvoker.InvokeWithNoArgs(Object obj, BindingFlags invokeAttr)
[xUnit.net 00:00:00.25]       System.NotImplementedException : The method or operation is not implemented.
[xUnit.net 00:00:00.25]       Stack Trace:
[xUnit.net 00:00:00.25]         C:\repos\ParkingLotSystem\src\ParkingLotSystem.Core\Services\ParkingLotService.cs(38,0): at ParkingLotSystem.Core.Services.ParkingLotService.InitializeParkingSpaces(Int32 smallSpaces, Int32 mediumSpaces, Int32 largeSpaces)
[xUnit.net 00:00:00.25]         C:\repos\ParkingLotSystem\src\ParkingLotSystem.Core\Services\ParkingLotService.cs(29,0): at ParkingLotSystem.Core.Services.ParkingLotService..ctor(Int32 smallSpaces, Int32 mediumSpaces, Int32 largeSpaces)
[xUnit.net 00:00:00.25]         C:\repos\ParkingLotSystem\tests\ParkingLotSystem.Tests\ParkingLotServiceTests.cs(13,0): at ParkingLotSystem.Tests.ParkingLotServiceTests.CreateParkingLot(Int32 small, Int32 medium, Int32 large)
[xUnit.net 00:00:00.25]         C:\repos\ParkingLotSystem\tests\ParkingLotSystem.Tests\ParkingLotServiceTests.cs(182,0): at ParkingLotSystem.Tests.ParkingLotServiceTests.FindVehicleByLicensePlate_WhenNotExists_ShouldReturnNull()
[xUnit.net 00:00:00.25]            at System.RuntimeMethodHandle.InvokeMethod(Object target, Void** arguments, Signature sig, Boolean isConstructor)
[xUnit.net 00:00:00.25]            at System.Reflection.MethodBaseInvoker.InvokeWithNoArgs(Object obj, BindingFlags invokeAttr)
[xUnit.net 00:00:00.25]       System.NotImplementedException : The method or operation is not implemented.
[xUnit.net 00:00:00.25]       Stack Trace:
[xUnit.net 00:00:00.25]         C:\repos\ParkingLotSystem\src\ParkingLotSystem.Core\Services\ParkingLotService.cs(38,0): at ParkingLotSystem.Core.Services.ParkingLotService.InitializeParkingSpaces(Int32 smallSpaces, Int32 mediumSpaces, Int32 largeSpaces)
[xUnit.net 00:00:00.25]         C:\repos\ParkingLotSystem\src\ParkingLotSystem.Core\Services\ParkingLotService.cs(29,0): at ParkingLotSystem.Core.Services.ParkingLotService..ctor(Int32 smallSpaces, Int32 mediumSpaces, Int32 largeSpaces)
[xUnit.net 00:00:00.25]         C:\repos\ParkingLotSystem\tests\ParkingLotSystem.Tests\ParkingLotServiceTests.cs(13,0): at ParkingLotSystem.Tests.ParkingLotServiceTests.CreateParkingLot(Int32 small, Int32 medium, Int32 large)
[xUnit.net 00:00:00.25]         C:\repos\ParkingLotSystem\tests\ParkingLotSystem.Tests\ParkingLotServiceTests.cs(153,0): at ParkingLotSystem.Tests.ParkingLotServiceTests.IsFull_WhenCompletelyFull_ShouldReturnTrue()
[xUnit.net 00:00:00.25]            at System.RuntimeMethodHandle.InvokeMethod(Object target, Void** arguments, Signature sig, Boolean isConstructor)
[xUnit.net 00:00:00.25]            at System.Reflection.MethodBaseInvoker.InvokeWithNoArgs(Object obj, BindingFlags invokeAttr)
[xUnit.net 00:00:00.25]       System.NotImplementedException : The method or operation is not implemented.
[xUnit.net 00:00:00.25]       Stack Trace:
[xUnit.net 00:00:00.25]         C:\repos\ParkingLotSystem\src\ParkingLotSystem.Core\Models\Vehicle.cs(14,0): at ParkingLotSystem.Core.Models.Vehicle..ctor(String licensePlate, VehicleType type)
[xUnit.net 00:00:00.25]         C:\repos\ParkingLotSystem\src\ParkingLotSystem.Core\Models\Vehicle.cs(51,0): at ParkingLotSystem.Core.Models.Truck..ctor(String licensePlate)
[xUnit.net 00:00:00.25]         C:\repos\ParkingLotSystem\tests\ParkingLotSystem.Tests\ParkingSpaceTests.cs(119,0): at ParkingLotSystem.Tests.ParkingSpaceTests.CanFitVehicle_Truck_ShouldOnlyFitInLarge()
[xUnit.net 00:00:00.25]            at System.RuntimeMethodHandle.InvokeMethod(Object target, Void** arguments, Signature sig, Boolean isConstructor)
[xUnit.net 00:00:00.25]            at System.Reflection.MethodBaseInvoker.InvokeWithNoArgs(Object obj, BindingFlags invokeAttr)
[xUnit.net 00:00:00.25]       System.NotImplementedException : The method or operation is not implemented.
[xUnit.net 00:00:00.25]       Stack Trace:
[xUnit.net 00:00:00.25]         C:\repos\ParkingLotSystem\src\ParkingLotSystem.Core\Models\Vehicle.cs(14,0): at ParkingLotSystem.Core.Models.Vehicle..ctor(String licensePlate, VehicleType type)
[xUnit.net 00:00:00.25]         C:\repos\ParkingLotSystem\src\ParkingLotSystem.Core\Models\Vehicle.cs(36,0): at ParkingLotSystem.Core.Models.Car..ctor(String licensePlate)
[xUnit.net 00:00:00.25]         C:\repos\ParkingLotSystem\tests\ParkingLotSystem.Tests\ParkingSpaceTests.cs(132,0): at ParkingLotSystem.Tests.ParkingSpaceTests.CanFitVehicle_OccupiedSpace_ShouldReturnFalse()
[xUnit.net 00:00:00.25]            at System.RuntimeMethodHandle.InvokeMethod(Object target, Void** arguments, Signature sig, Boolean isConstructor)
[xUnit.net 00:00:00.25]            at System.Reflection.MethodBaseInvoker.InvokeWithNoArgs(Object obj, BindingFlags invokeAttr)
[xUnit.net 00:00:00.25]   Finished:    ParkingLotSystem.Tests
</system-out>
    <system-err>Error - [xUnit.net 00:00:00.19]     ParkingLotSystem.Tests.VehicleTests.Truck_GetCompatibleSpaceSizes_ShouldReturnOnlyLarge [FAIL]
Error - [xUnit.net 00:00:00.19]     ParkingLotSystem.Tests.FeeCalculationTests.ParkingTicket_CalculateFee_ZeroDuration_ShouldChargeMinimum [FAIL]
Error - [xUnit.net 00:00:00.19]     ParkingLotSystem.Tests.ParkingSpaceTests.RemoveVehicle_FromEmptySpace_ShouldThrowException [FAIL]
Error - [xUnit.net 00:00:00.19]     ParkingLotSystem.Tests.ParkingLotServiceTests.GetAvailableSpaces_AfterParking_ShouldUpdateCounts [FAIL]
Error - [xUnit.net 00:00:00.19]     ParkingLotSystem.Tests.ParkingLotServiceTests.GetTotalCapacity_ShouldReturnCorrectTotal [FAIL]
Error - [xUnit.net 00:00:00.20]     ParkingLotSystem.Tests.ParkingSpaceTests.CanFitVehicle_Car_ShouldOnlyFitInMediumOrLarge [FAIL]
Error - [xUnit.net 00:00:00.22]     ParkingLotSystem.Tests.FeeCalculationTests.ParkingTicket_CalculateFee_ShouldRoundUpPartialHours [FAIL]
Error - [xUnit.net 00:00:00.22]     ParkingLotSystem.Tests.VehicleTests.Vehicle_Constructor_WithEmptyLicensePlate_ShouldThrowException [FAIL]
Error - [xUnit.net 00:00:00.23]     ParkingLotSystem.Tests.ParkingSpaceTests.CanFitVehicle_Motorcycle_ShouldFitInAnySpace [FAIL]
Error - [xUnit.net 00:00:00.23]     ParkingLotSystem.Tests.ParkingLotServiceTests.GetAllVehiclesOfType_ShouldReturnCorrectVehicles [FAIL]
Error - [xUnit.net 00:00:00.23]     ParkingLotSystem.Tests.FeeCalculationTests.CalculateParkingFee_InvalidTicket_ShouldThrowException [FAIL]
Error - [xUnit.net 00:00:00.23]     ParkingLotSystem.Tests.VehicleTests.Vehicle_Constructor_ShouldSetProperties [FAIL]
Error - [xUnit.net 00:00:00.23]     ParkingLotSystem.Tests.ParkingSpaceTests.ParkVehicle_InOccupiedSpace_ShouldThrowException [FAIL]
Error - [xUnit.net 00:00:00.23]     ParkingLotSystem.Tests.ParkingLotServiceTests.GetOccupancyRate_ShouldCalculateCorrectly [FAIL]
Error - [xUnit.net 00:00:00.23]     ParkingLotSystem.Tests.VehicleTests.Car_GetCompatibleSpaceSizes_ShouldReturnMediumAndLarge [FAIL]
Error - [xUnit.net 00:00:00.23]     ParkingLotSystem.Tests.ParkingSpaceTests.ParkVehicle_InEmptySpace_ShouldSucceed [FAIL]
Error - [xUnit.net 00:00:00.23]     ParkingLotSystem.Tests.FeeCalculationTests.ParkingTicket_CalculateFee_ExactHours_ShouldNotRoundUp [FAIL]
Error - [xUnit.net 00:00:00.23]     ParkingLotSystem.Tests.ParkingLotServiceTests.UnparkVehicle_InvalidTicket_ShouldThrowException [FAIL]
Error - [xUnit.net 00:00:00.23]     ParkingLotSystem.Tests.ParkingSpaceTests.RemoveVehicle_FromOccupiedSpace_ShouldReturnVehicle [FAIL]
Error - [xUnit.net 00:00:00.23]     ParkingLotSystem.Tests.ParkingLotServiceTests.GetAvailableSpaces_ShouldReturnCorrectCounts [FAIL]
Error - [xUnit.net 00:00:00.23]     ParkingLotSystem.Tests.FeeCalculationTests.CalculateParkingFee_Truck_ShouldUseCorrectRate [FAIL]
Error - [xUnit.net 00:00:00.23]     ParkingLotSystem.Tests.VehicleTests.Vehicle_Constructor_WithNullLicensePlate_ShouldThrowException [FAIL]
Error - [xUnit.net 00:00:00.23]     ParkingLotSystem.Tests.ParkingLotServiceTests.IsFull_WhenNotFull_ShouldReturnFalse [FAIL]
Error - [xUnit.net 00:00:00.23]     ParkingLotSystem.Tests.FeeCalculationTests.CalculateParkingFee_Motorcycle_ShouldUseCorrectRate [FAIL]
Error - [xUnit.net 00:00:00.24]     ParkingLotSystem.Tests.VehicleTests.Motorcycle_GetCompatibleSpaceSizes_ShouldReturnAllSizes [FAIL]
Error - [xUnit.net 00:00:00.24]     ParkingLotSystem.Tests.ParkingLotServiceTests.ParkVehicle_Car_ShouldParkInMediumOrLargeSpace [FAIL]
Error - [xUnit.net 00:00:00.24]     ParkingLotSystem.Tests.FeeCalculationTests.CalculateParkingFee_Car_ShouldUseCorrectRate [FAIL]
Error - [xUnit.net 00:00:00.24]     ParkingLotSystem.Tests.ParkingLotServiceTests.UnparkVehicle_ValidTicket_ShouldReturnVehicle [FAIL]
Error - [xUnit.net 00:00:00.24]     ParkingLotSystem.Tests.FeeCalculationTests.ParkingTicket_GetParkingDuration_WithExit_ShouldUseExitTime [FAIL]
Error - [xUnit.net 00:00:00.24]     ParkingLotSystem.Tests.ParkingLotServiceTests.ParkVehicle_WhenNoSpaceAvailable_ShouldThrowException [FAIL]
Error - [xUnit.net 00:00:00.24]     ParkingLotSystem.Tests.FeeCalculationTests.ParkingTicket_GetParkingDuration_WithoutExit_ShouldUseCurrentTime [FAIL]
Error - [xUnit.net 00:00:00.24]     ParkingLotSystem.Tests.ParkingLotServiceTests.Car_CannotParkInSmallSpace [FAIL]
Error - [xUnit.net 00:00:00.24]     ParkingLotSystem.Tests.ParkingLotServiceTests.ParkVehicle_Truck_ShouldOnlyParkInLargeSpace [FAIL]
Error - [xUnit.net 00:00:00.24]     ParkingLotSystem.Tests.ParkingLotServiceTests.ParkVehicle_DuplicateLicensePlate_ShouldThrowException [FAIL]
Error - [xUnit.net 00:00:00.25]     ParkingLotSystem.Tests.ParkingLotServiceTests.FindVehicleByLicensePlate_WhenExists_ShouldReturnVehicle [FAIL]
Error - [xUnit.net 00:00:00.25]     ParkingLotSystem.Tests.ParkingLotServiceTests.ParkVehicle_Motorcycle_ShouldParkSuccessfully [FAIL]
Error - [xUnit.net 00:00:00.25]     ParkingLotSystem.Tests.ParkingLotServiceTests.Motorcycle_CanParkInAnySpace [FAIL]
Error - [xUnit.net 00:00:00.25]     ParkingLotSystem.Tests.ParkingLotServiceTests.FindVehicleByLicensePlate_WhenNotExists_ShouldReturnNull [FAIL]
Error - [xUnit.net 00:00:00.25]     ParkingLotSystem.Tests.ParkingLotServiceTests.IsFull_WhenCompletelyFull_ShouldReturnTrue [FAIL]
Error - [xUnit.net 00:00:00.25]     ParkingLotSystem.Tests.ParkingSpaceTests.CanFitVehicle_Truck_ShouldOnlyFitInLarge [FAIL]
Error - [xUnit.net 00:00:00.25]     ParkingLotSystem.Tests.ParkingSpaceTests.CanFitVehicle_OccupiedSpace_ShouldReturnFalse [FAIL]
</system-err>
  </testsuite>
</testsuites>